13:07:59 **** Build of configuration Debug for project Software ****
make all 
Building file: C:/Users/Tom/Documents/KiKadProjects/Freude/Software/Drivers/STM32L4xx_HAL_Driver/Src/stm32l4xx_hal.c
Invoking: MCU GCC Compiler
C:\Users\Tom\Documents\KiKadProjects\Freude\Software\SW4STM32\Software\Debug
arm-none-eabi-gcc -mcpu=cortex-m4 -mthumb -mfloat-abi=hard -mfpu=fpv4-sp-d16 '-D__weak=__attribute__((weak))' '-D__packed=__attribute__((__packed__))' -DUSE_HAL_DRIVER -DSTM32L432xx -I"C:/Users/Tom/Documents/KiKadProjects/Freude/Software/Inc" -I"C:/Users/Tom/Documents/KiKadProjects/Freude/Software/Drivers/STM32L4xx_HAL_Driver/Inc" -I"C:/Users/Tom/Documents/KiKadProjects/Freude/Software/Drivers/STM32L4xx_HAL_Driver/Inc/Legacy" -I"C:/Users/Tom/Documents/KiKadProjects/Freude/Software/Drivers/CMSIS/Device/ST/STM32L4xx/Include" -I"C:/Users/Tom/Documents/KiKadProjects/Freude/Software/Drivers/CMSIS/Include"  -Og -g3 -Wall -fmessage-length=0 -ffunction-sections -c -fmessage-length=0 -MMD -MP -MF"Drivers/STM32L4xx_HAL_Driver/stm32l4xx_hal.d" -MT"Drivers/STM32L4xx_HAL_Driver/stm32l4xx_hal.o" -o "Drivers/STM32L4xx_HAL_Driver/stm32l4xx_hal.o" "C:/Users/Tom/Documents/KiKadProjects/Freude/Software/Drivers/STM32L4xx_HAL_Driver/Src/stm32l4xx_hal.c"
Finished building: C:/Users/Tom/Documents/KiKadProjects/Freude/Software/Drivers/STM32L4xx_HAL_Driver/Src/stm32l4xx_hal.c
 
Building file: C:/Users/Tom/Documents/KiKadProjects/Freude/Software/Drivers/STM32L4xx_HAL_Driver/Src/stm32l4xx_hal_cortex.c
Invoking: MCU GCC Compiler
C:\Users\Tom\Documents\KiKadProjects\Freude\Software\SW4STM32\Software\Debug
arm-none-eabi-gcc -mcpu=cortex-m4 -mthumb -mfloat-abi=hard -mfpu=fpv4-sp-d16 '-D__weak=__attribute__((weak))' '-D__packed=__attribute__((__packed__))' -DUSE_HAL_DRIVER -DSTM32L432xx -I"C:/Users/Tom/Documents/KiKadProjects/Freude/Software/Inc" -I"C:/Users/Tom/Documents/KiKadProjects/Freude/Software/Drivers/STM32L4xx_HAL_Driver/Inc" -I"C:/Users/Tom/Documents/KiKadProjects/Freude/Software/Drivers/STM32L4xx_HAL_Driver/Inc/Legacy" -I"C:/Users/Tom/Documents/KiKadProjects/Freude/Software/Drivers/CMSIS/Device/ST/STM32L4xx/Include" -I"C:/Users/Tom/Documents/KiKadProjects/Freude/Software/Drivers/CMSIS/Include"  -Og -g3 -Wall -fmessage-length=0 -ffunction-sections -c -fmessage-length=0 -MMD -MP -MF"Drivers/STM32L4xx_HAL_Driver/stm32l4xx_hal_cortex.d" -MT"Drivers/STM32L4xx_HAL_Driver/stm32l4xx_hal_cortex.o" -o "Drivers/STM32L4xx_HAL_Driver/stm32l4xx_hal_cortex.o" "C:/Users/Tom/Documents/KiKadProjects/Freude/Software/Drivers/STM32L4xx_HAL_Driver/Src/stm32l4xx_hal_cortex.c"
Finished building: C:/Users/Tom/Documents/KiKadProjects/Freude/Software/Drivers/STM32L4xx_HAL_Driver/Src/stm32l4xx_hal_cortex.c
 
Building file: C:/Users/Tom/Documents/KiKadProjects/Freude/Software/Drivers/STM32L4xx_HAL_Driver/Src/stm32l4xx_hal_dac.c
Invoking: MCU GCC Compiler
C:\Users\Tom\Documents\KiKadProjects\Freude\Software\SW4STM32\Software\Debug
arm-none-eabi-gcc -mcpu=cortex-m4 -mthumb -mfloat-abi=hard -mfpu=fpv4-sp-d16 '-D__weak=__attribute__((weak))' '-D__packed=__attribute__((__packed__))' -DUSE_HAL_DRIVER -DSTM32L432xx -I"C:/Users/Tom/Documents/KiKadProjects/Freude/Software/Inc" -I"C:/Users/Tom/Documents/KiKadProjects/Freude/Software/Drivers/STM32L4xx_HAL_Driver/Inc" -I"C:/Users/Tom/Documents/KiKadProjects/Freude/Software/Drivers/STM32L4xx_HAL_Driver/Inc/Legacy" -I"C:/Users/Tom/Documents/KiKadProjects/Freude/Software/Drivers/CMSIS/Device/ST/STM32L4xx/Include" -I"C:/Users/Tom/Documents/KiKadProjects/Freude/Software/Drivers/CMSIS/Include"  -Og -g3 -Wall -fmessage-length=0 -ffunction-sections -c -fmessage-length=0 -MMD -MP -MF"Drivers/STM32L4xx_HAL_Driver/stm32l4xx_hal_dac.d" -MT"Drivers/STM32L4xx_HAL_Driver/stm32l4xx_hal_dac.o" -o "Drivers/STM32L4xx_HAL_Driver/stm32l4xx_hal_dac.o" "C:/Users/Tom/Documents/KiKadProjects/Freude/Software/Drivers/STM32L4xx_HAL_Driver/Src/stm32l4xx_hal_dac.c"
Finished building: C:/Users/Tom/Documents/KiKadProjects/Freude/Software/Drivers/STM32L4xx_HAL_Driver/Src/stm32l4xx_hal_dac.c
 
Building file: C:/Users/Tom/Documents/KiKadProjects/Freude/Software/Drivers/STM32L4xx_HAL_Driver/Src/stm32l4xx_hal_dac_ex.c
Invoking: MCU GCC Compiler
C:\Users\Tom\Documents\KiKadProjects\Freude\Software\SW4STM32\Software\Debug
arm-none-eabi-gcc -mcpu=cortex-m4 -mthumb -mfloat-abi=hard -mfpu=fpv4-sp-d16 '-D__weak=__attribute__((weak))' '-D__packed=__attribute__((__packed__))' -DUSE_HAL_DRIVER -DSTM32L432xx -I"C:/Users/Tom/Documents/KiKadProjects/Freude/Software/Inc" -I"C:/Users/Tom/Documents/KiKadProjects/Freude/Software/Drivers/STM32L4xx_HAL_Driver/Inc" -I"C:/Users/Tom/Documents/KiKadProjects/Freude/Software/Drivers/STM32L4xx_HAL_Driver/Inc/Legacy" -I"C:/Users/Tom/Documents/KiKadProjects/Freude/Software/Drivers/CMSIS/Device/ST/STM32L4xx/Include" -I"C:/Users/Tom/Documents/KiKadProjects/Freude/Software/Drivers/CMSIS/Include"  -Og -g3 -Wall -fmessage-length=0 -ffunction-sections -c -fmessage-length=0 -MMD -MP -MF"Drivers/STM32L4xx_HAL_Driver/stm32l4xx_hal_dac_ex.d" -MT"Drivers/STM32L4xx_HAL_Driver/stm32l4xx_hal_dac_ex.o" -o "Drivers/STM32L4xx_HAL_Driver/stm32l4xx_hal_dac_ex.o" "C:/Users/Tom/Documents/KiKadProjects/Freude/Software/Drivers/STM32L4xx_HAL_Driver/Src/stm32l4xx_hal_dac_ex.c"
Finished building: C:/Users/Tom/Documents/KiKadProjects/Freude/Software/Drivers/STM32L4xx_HAL_Driver/Src/stm32l4xx_hal_dac_ex.c
 
Building file: C:/Users/Tom/Documents/KiKadProjects/Freude/Software/Drivers/STM32L4xx_HAL_Driver/Src/stm32l4xx_hal_dma.c
Invoking: MCU GCC Compiler
C:\Users\Tom\Documents\KiKadProjects\Freude\Software\SW4STM32\Software\Debug
arm-none-eabi-gcc -mcpu=cortex-m4 -mthumb -mfloat-abi=hard -mfpu=fpv4-sp-d16 '-D__weak=__attribute__((weak))' '-D__packed=__attribute__((__packed__))' -DUSE_HAL_DRIVER -DSTM32L432xx -I"C:/Users/Tom/Documents/KiKadProjects/Freude/Software/Inc" -I"C:/Users/Tom/Documents/KiKadProjects/Freude/Software/Drivers/STM32L4xx_HAL_Driver/Inc" -I"C:/Users/Tom/Documents/KiKadProjects/Freude/Software/Drivers/STM32L4xx_HAL_Driver/Inc/Legacy" -I"C:/Users/Tom/Documents/KiKadProjects/Freude/Software/Drivers/CMSIS/Device/ST/STM32L4xx/Include" -I"C:/Users/Tom/Documents/KiKadProjects/Freude/Software/Drivers/CMSIS/Include"  -Og -g3 -Wall -fmessage-length=0 -ffunction-sections -c -fmessage-length=0 -MMD -MP -MF"Drivers/STM32L4xx_HAL_Driver/stm32l4xx_hal_dma.d" -MT"Drivers/STM32L4xx_HAL_Driver/stm32l4xx_hal_dma.o" -o "Drivers/STM32L4xx_HAL_Driver/stm32l4xx_hal_dma.o" "C:/Users/Tom/Documents/KiKadProjects/Freude/Software/Drivers/STM32L4xx_HAL_Driver/Src/stm32l4xx_hal_dma.c"
Finished building: C:/Users/Tom/Documents/KiKadProjects/Freude/Software/Drivers/STM32L4xx_HAL_Driver/Src/stm32l4xx_hal_dma.c
 
Building file: C:/Users/Tom/Documents/KiKadProjects/Freude/Software/Drivers/STM32L4xx_HAL_Driver/Src/stm32l4xx_hal_dma_ex.c
Invoking: MCU GCC Compiler
C:\Users\Tom\Documents\KiKadProjects\Freude\Software\SW4STM32\Software\Debug
arm-none-eabi-gcc -mcpu=cortex-m4 -mthumb -mfloat-abi=hard -mfpu=fpv4-sp-d16 '-D__weak=__attribute__((weak))' '-D__packed=__attribute__((__packed__))' -DUSE_HAL_DRIVER -DSTM32L432xx -I"C:/Users/Tom/Documents/KiKadProjects/Freude/Software/Inc" -I"C:/Users/Tom/Documents/KiKadProjects/Freude/Software/Drivers/STM32L4xx_HAL_Driver/Inc" -I"C:/Users/Tom/Documents/KiKadProjects/Freude/Software/Drivers/STM32L4xx_HAL_Driver/Inc/Legacy" -I"C:/Users/Tom/Documents/KiKadProjects/Freude/Software/Drivers/CMSIS/Device/ST/STM32L4xx/Include" -I"C:/Users/Tom/Documents/KiKadProjects/Freude/Software/Drivers/CMSIS/Include"  -Og -g3 -Wall -fmessage-length=0 -ffunction-sections -c -fmessage-length=0 -MMD -MP -MF"Drivers/STM32L4xx_HAL_Driver/stm32l4xx_hal_dma_ex.d" -MT"Drivers/STM32L4xx_HAL_Driver/stm32l4xx_hal_dma_ex.o" -o "Drivers/STM32L4xx_HAL_Driver/stm32l4xx_hal_dma_ex.o" "C:/Users/Tom/Documents/KiKadProjects/Freude/Software/Drivers/STM32L4xx_HAL_Driver/Src/stm32l4xx_hal_dma_ex.c"
Finished building: C:/Users/Tom/Documents/KiKadProjects/Freude/Software/Drivers/STM32L4xx_HAL_Driver/Src/stm32l4xx_hal_dma_ex.c
 
Building file: C:/Users/Tom/Documents/KiKadProjects/Freude/Software/Drivers/STM32L4xx_HAL_Driver/Src/stm32l4xx_hal_flash.c
Invoking: MCU GCC Compiler
C:\Users\Tom\Documents\KiKadProjects\Freude\Software\SW4STM32\Software\Debug
arm-none-eabi-gcc -mcpu=cortex-m4 -mthumb -mfloat-abi=hard -mfpu=fpv4-sp-d16 '-D__weak=__attribute__((weak))' '-D__packed=__attribute__((__packed__))' -DUSE_HAL_DRIVER -DSTM32L432xx -I"C:/Users/Tom/Documents/KiKadProjects/Freude/Software/Inc" -I"C:/Users/Tom/Documents/KiKadProjects/Freude/Software/Drivers/STM32L4xx_HAL_Driver/Inc" -I"C:/Users/Tom/Documents/KiKadProjects/Freude/Software/Drivers/STM32L4xx_HAL_Driver/Inc/Legacy" -I"C:/Users/Tom/Documents/KiKadProjects/Freude/Software/Drivers/CMSIS/Device/ST/STM32L4xx/Include" -I"C:/Users/Tom/Documents/KiKadProjects/Freude/Software/Drivers/CMSIS/Include"  -Og -g3 -Wall -fmessage-length=0 -ffunction-sections -c -fmessage-length=0 -MMD -MP -MF"Drivers/STM32L4xx_HAL_Driver/stm32l4xx_hal_flash.d" -MT"Drivers/STM32L4xx_HAL_Driver/stm32l4xx_hal_flash.o" -o "Drivers/STM32L4xx_HAL_Driver/stm32l4xx_hal_flash.o" "C:/Users/Tom/Documents/KiKadProjects/Freude/Software/Drivers/STM32L4xx_HAL_Driver/Src/stm32l4xx_hal_flash.c"
Finished building: C:/Users/Tom/Documents/KiKadProjects/Freude/Software/Drivers/STM32L4xx_HAL_Driver/Src/stm32l4xx_hal_flash.c
 
Building file: C:/Users/Tom/Documents/KiKadProjects/Freude/Software/Drivers/STM32L4xx_HAL_Driver/Src/stm32l4xx_hal_flash_ex.c
Invoking: MCU GCC Compiler
C:\Users\Tom\Documents\KiKadProjects\Freude\Software\SW4STM32\Software\Debug
arm-none-eabi-gcc -mcpu=cortex-m4 -mthumb -mfloat-abi=hard -mfpu=fpv4-sp-d16 '-D__weak=__attribute__((weak))' '-D__packed=__attribute__((__packed__))' -DUSE_HAL_DRIVER -DSTM32L432xx -I"C:/Users/Tom/Documents/KiKadProjects/Freude/Software/Inc" -I"C:/Users/Tom/Documents/KiKadProjects/Freude/Software/Drivers/STM32L4xx_HAL_Driver/Inc" -I"C:/Users/Tom/Documents/KiKadProjects/Freude/Software/Drivers/STM32L4xx_HAL_Driver/Inc/Legacy" -I"C:/Users/Tom/Documents/KiKadProjects/Freude/Software/Drivers/CMSIS/Device/ST/STM32L4xx/Include" -I"C:/Users/Tom/Documents/KiKadProjects/Freude/Software/Drivers/CMSIS/Include"  -Og -g3 -Wall -fmessage-length=0 -ffunction-sections -c -fmessage-length=0 -MMD -MP -MF"Drivers/STM32L4xx_HAL_Driver/stm32l4xx_hal_flash_ex.d" -MT"Drivers/STM32L4xx_HAL_Driver/stm32l4xx_hal_flash_ex.o" -o "Drivers/STM32L4xx_HAL_Driver/stm32l4xx_hal_flash_ex.o" "C:/Users/Tom/Documents/KiKadProjects/Freude/Software/Drivers/STM32L4xx_HAL_Driver/Src/stm32l4xx_hal_flash_ex.c"
Finished building: C:/Users/Tom/Documents/KiKadProjects/Freude/Software/Drivers/STM32L4xx_HAL_Driver/Src/stm32l4xx_hal_flash_ex.c
 
Building file: C:/Users/Tom/Documents/KiKadProjects/Freude/Software/Drivers/STM32L4xx_HAL_Driver/Src/stm32l4xx_hal_flash_ramfunc.c
Invoking: MCU GCC Compiler
C:\Users\Tom\Documents\KiKadProjects\Freude\Software\SW4STM32\Software\Debug
arm-none-eabi-gcc -mcpu=cortex-m4 -mthumb -mfloat-abi=hard -mfpu=fpv4-sp-d16 '-D__weak=__attribute__((weak))' '-D__packed=__attribute__((__packed__))' -DUSE_HAL_DRIVER -DSTM32L432xx -I"C:/Users/Tom/Documents/KiKadProjects/Freude/Software/Inc" -I"C:/Users/Tom/Documents/KiKadProjects/Freude/Software/Drivers/STM32L4xx_HAL_Driver/Inc" -I"C:/Users/Tom/Documents/KiKadProjects/Freude/Software/Drivers/STM32L4xx_HAL_Driver/Inc/Legacy" -I"C:/Users/Tom/Documents/KiKadProjects/Freude/Software/Drivers/CMSIS/Device/ST/STM32L4xx/Include" -I"C:/Users/Tom/Documents/KiKadProjects/Freude/Software/Drivers/CMSIS/Include"  -Og -g3 -Wall -fmessage-length=0 -ffunction-sections -c -fmessage-length=0 -MMD -MP -MF"Drivers/STM32L4xx_HAL_Driver/stm32l4xx_hal_flash_ramfunc.d" -MT"Drivers/STM32L4xx_HAL_Driver/stm32l4xx_hal_flash_ramfunc.o" -o "Drivers/STM32L4xx_HAL_Driver/stm32l4xx_hal_flash_ramfunc.o" "C:/Users/Tom/Documents/KiKadProjects/Freude/Software/Drivers/STM32L4xx_HAL_Driver/Src/stm32l4xx_hal_flash_ramfunc.c"
Finished building: C:/Users/Tom/Documents/KiKadProjects/Freude/Software/Drivers/STM32L4xx_HAL_Driver/Src/stm32l4xx_hal_flash_ramfunc.c
 
Building file: C:/Users/Tom/Documents/KiKadProjects/Freude/Software/Drivers/STM32L4xx_HAL_Driver/Src/stm32l4xx_hal_gpio.c
Invoking: MCU GCC Compiler
C:\Users\Tom\Documents\KiKadProjects\Freude\Software\SW4STM32\Software\Debug
arm-none-eabi-gcc -mcpu=cortex-m4 -mthumb -mfloat-abi=hard -mfpu=fpv4-sp-d16 '-D__weak=__attribute__((weak))' '-D__packed=__attribute__((__packed__))' -DUSE_HAL_DRIVER -DSTM32L432xx -I"C:/Users/Tom/Documents/KiKadProjects/Freude/Software/Inc" -I"C:/Users/Tom/Documents/KiKadProjects/Freude/Software/Drivers/STM32L4xx_HAL_Driver/Inc" -I"C:/Users/Tom/Documents/KiKadProjects/Freude/Software/Drivers/STM32L4xx_HAL_Driver/Inc/Legacy" -I"C:/Users/Tom/Documents/KiKadProjects/Freude/Software/Drivers/CMSIS/Device/ST/STM32L4xx/Include" -I"C:/Users/Tom/Documents/KiKadProjects/Freude/Software/Drivers/CMSIS/Include"  -Og -g3 -Wall -fmessage-length=0 -ffunction-sections -c -fmessage-length=0 -MMD -MP -MF"Drivers/STM32L4xx_HAL_Driver/stm32l4xx_hal_gpio.d" -MT"Drivers/STM32L4xx_HAL_Driver/stm32l4xx_hal_gpio.o" -o "Drivers/STM32L4xx_HAL_Driver/stm32l4xx_hal_gpio.o" "C:/Users/Tom/Documents/KiKadProjects/Freude/Software/Drivers/STM32L4xx_HAL_Driver/Src/stm32l4xx_hal_gpio.c"
Finished building: C:/Users/Tom/Documents/KiKadProjects/Freude/Software/Drivers/STM32L4xx_HAL_Driver/Src/stm32l4xx_hal_gpio.c
 
Building file: C:/Users/Tom/Documents/KiKadProjects/Freude/Software/Drivers/STM32L4xx_HAL_Driver/Src/stm32l4xx_hal_i2c.c
Invoking: MCU GCC Compiler
C:\Users\Tom\Documents\KiKadProjects\Freude\Software\SW4STM32\Software\Debug
arm-none-eabi-gcc -mcpu=cortex-m4 -mthumb -mfloat-abi=hard -mfpu=fpv4-sp-d16 '-D__weak=__attribute__((weak))' '-D__packed=__attribute__((__packed__))' -DUSE_HAL_DRIVER -DSTM32L432xx -I"C:/Users/Tom/Documents/KiKadProjects/Freude/Software/Inc" -I"C:/Users/Tom/Documents/KiKadProjects/Freude/Software/Drivers/STM32L4xx_HAL_Driver/Inc" -I"C:/Users/Tom/Documents/KiKadProjects/Freude/Software/Drivers/STM32L4xx_HAL_Driver/Inc/Legacy" -I"C:/Users/Tom/Documents/KiKadProjects/Freude/Software/Drivers/CMSIS/Device/ST/STM32L4xx/Include" -I"C:/Users/Tom/Documents/KiKadProjects/Freude/Software/Drivers/CMSIS/Include"  -Og -g3 -Wall -fmessage-length=0 -ffunction-sections -c -fmessage-length=0 -MMD -MP -MF"Drivers/STM32L4xx_HAL_Driver/stm32l4xx_hal_i2c.d" -MT"Drivers/STM32L4xx_HAL_Driver/stm32l4xx_hal_i2c.o" -o "Drivers/STM32L4xx_HAL_Driver/stm32l4xx_hal_i2c.o" "C:/Users/Tom/Documents/KiKadProjects/Freude/Software/Drivers/STM32L4xx_HAL_Driver/Src/stm32l4xx_hal_i2c.c"
Finished building: C:/Users/Tom/Documents/KiKadProjects/Freude/Software/Drivers/STM32L4xx_HAL_Driver/Src/stm32l4xx_hal_i2c.c
 
Building file: C:/Users/Tom/Documents/KiKadProjects/Freude/Software/Drivers/STM32L4xx_HAL_Driver/Src/stm32l4xx_hal_i2c_ex.c
Invoking: MCU GCC Compiler
C:\Users\Tom\Documents\KiKadProjects\Freude\Software\SW4STM32\Software\Debug
arm-none-eabi-gcc -mcpu=cortex-m4 -mthumb -mfloat-abi=hard -mfpu=fpv4-sp-d16 '-D__weak=__attribute__((weak))' '-D__packed=__attribute__((__packed__))' -DUSE_HAL_DRIVER -DSTM32L432xx -I"C:/Users/Tom/Documents/KiKadProjects/Freude/Software/Inc" -I"C:/Users/Tom/Documents/KiKadProjects/Freude/Software/Drivers/STM32L4xx_HAL_Driver/Inc" -I"C:/Users/Tom/Documents/KiKadProjects/Freude/Software/Drivers/STM32L4xx_HAL_Driver/Inc/Legacy" -I"C:/Users/Tom/Documents/KiKadProjects/Freude/Software/Drivers/CMSIS/Device/ST/STM32L4xx/Include" -I"C:/Users/Tom/Documents/KiKadProjects/Freude/Software/Drivers/CMSIS/Include"  -Og -g3 -Wall -fmessage-length=0 -ffunction-sections -c -fmessage-length=0 -MMD -MP -MF"Drivers/STM32L4xx_HAL_Driver/stm32l4xx_hal_i2c_ex.d" -MT"Drivers/STM32L4xx_HAL_Driver/stm32l4xx_hal_i2c_ex.o" -o "Drivers/STM32L4xx_HAL_Driver/stm32l4xx_hal_i2c_ex.o" "C:/Users/Tom/Documents/KiKadProjects/Freude/Software/Drivers/STM32L4xx_HAL_Driver/Src/stm32l4xx_hal_i2c_ex.c"
Finished building: C:/Users/Tom/Documents/KiKadProjects/Freude/Software/Drivers/STM32L4xx_HAL_Driver/Src/stm32l4xx_hal_i2c_ex.c
 
Building file: C:/Users/Tom/Documents/KiKadProjects/Freude/Software/Drivers/STM32L4xx_HAL_Driver/Src/stm32l4xx_hal_pwr.c
Invoking: MCU GCC Compiler
C:\Users\Tom\Documents\KiKadProjects\Freude\Software\SW4STM32\Software\Debug
arm-none-eabi-gcc -mcpu=cortex-m4 -mthumb -mfloat-abi=hard -mfpu=fpv4-sp-d16 '-D__weak=__attribute__((weak))' '-D__packed=__attribute__((__packed__))' -DUSE_HAL_DRIVER -DSTM32L432xx -I"C:/Users/Tom/Documents/KiKadProjects/Freude/Software/Inc" -I"C:/Users/Tom/Documents/KiKadProjects/Freude/Software/Drivers/STM32L4xx_HAL_Driver/Inc" -I"C:/Users/Tom/Documents/KiKadProjects/Freude/Software/Drivers/STM32L4xx_HAL_Driver/Inc/Legacy" -I"C:/Users/Tom/Documents/KiKadProjects/Freude/Software/Drivers/CMSIS/Device/ST/STM32L4xx/Include" -I"C:/Users/Tom/Documents/KiKadProjects/Freude/Software/Drivers/CMSIS/Include"  -Og -g3 -Wall -fmessage-length=0 -ffunction-sections -c -fmessage-length=0 -MMD -MP -MF"Drivers/STM32L4xx_HAL_Driver/stm32l4xx_hal_pwr.d" -MT"Drivers/STM32L4xx_HAL_Driver/stm32l4xx_hal_pwr.o" -o "Drivers/STM32L4xx_HAL_Driver/stm32l4xx_hal_pwr.o" "C:/Users/Tom/Documents/KiKadProjects/Freude/Software/Drivers/STM32L4xx_HAL_Driver/Src/stm32l4xx_hal_pwr.c"
Finished building: C:/Users/Tom/Documents/KiKadProjects/Freude/Software/Drivers/STM32L4xx_HAL_Driver/Src/stm32l4xx_hal_pwr.c
 
Building file: C:/Users/Tom/Documents/KiKadProjects/Freude/Software/Drivers/STM32L4xx_HAL_Driver/Src/stm32l4xx_hal_pwr_ex.c
Invoking: MCU GCC Compiler
C:\Users\Tom\Documents\KiKadProjects\Freude\Software\SW4STM32\Software\Debug
arm-none-eabi-gcc -mcpu=cortex-m4 -mthumb -mfloat-abi=hard -mfpu=fpv4-sp-d16 '-D__weak=__attribute__((weak))' '-D__packed=__attribute__((__packed__))' -DUSE_HAL_DRIVER -DSTM32L432xx -I"C:/Users/Tom/Documents/KiKadProjects/Freude/Software/Inc" -I"C:/Users/Tom/Documents/KiKadProjects/Freude/Software/Drivers/STM32L4xx_HAL_Driver/Inc" -I"C:/Users/Tom/Documents/KiKadProjects/Freude/Software/Drivers/STM32L4xx_HAL_Driver/Inc/Legacy" -I"C:/Users/Tom/Documents/KiKadProjects/Freude/Software/Drivers/CMSIS/Device/ST/STM32L4xx/Include" -I"C:/Users/Tom/Documents/KiKadProjects/Freude/Software/Drivers/CMSIS/Include"  -Og -g3 -Wall -fmessage-length=0 -ffunction-sections -c -fmessage-length=0 -MMD -MP -MF"Drivers/STM32L4xx_HAL_Driver/stm32l4xx_hal_pwr_ex.d" -MT"Drivers/STM32L4xx_HAL_Driver/stm32l4xx_hal_pwr_ex.o" -o "Drivers/STM32L4xx_HAL_Driver/stm32l4xx_hal_pwr_ex.o" "C:/Users/Tom/Documents/KiKadProjects/Freude/Software/Drivers/STM32L4xx_HAL_Driver/Src/stm32l4xx_hal_pwr_ex.c"
Finished building: C:/Users/Tom/Documents/KiKadProjects/Freude/Software/Drivers/STM32L4xx_HAL_Driver/Src/stm32l4xx_hal_pwr_ex.c
 
Building file: C:/Users/Tom/Documents/KiKadProjects/Freude/Software/Drivers/STM32L4xx_HAL_Driver/Src/stm32l4xx_hal_rcc.c
Invoking: MCU GCC Compiler
C:\Users\Tom\Documents\KiKadProjects\Freude\Software\SW4STM32\Software\Debug
arm-none-eabi-gcc -mcpu=cortex-m4 -mthumb -mfloat-abi=hard -mfpu=fpv4-sp-d16 '-D__weak=__attribute__((weak))' '-D__packed=__attribute__((__packed__))' -DUSE_HAL_DRIVER -DSTM32L432xx -I"C:/Users/Tom/Documents/KiKadProjects/Freude/Software/Inc" -I"C:/Users/Tom/Documents/KiKadProjects/Freude/Software/Drivers/STM32L4xx_HAL_Driver/Inc" -I"C:/Users/Tom/Documents/KiKadProjects/Freude/Software/Drivers/STM32L4xx_HAL_Driver/Inc/Legacy" -I"C:/Users/Tom/Documents/KiKadProjects/Freude/Software/Drivers/CMSIS/Device/ST/STM32L4xx/Include" -I"C:/Users/Tom/Documents/KiKadProjects/Freude/Software/Drivers/CMSIS/Include"  -Og -g3 -Wall -fmessage-length=0 -ffunction-sections -c -fmessage-length=0 -MMD -MP -MF"Drivers/STM32L4xx_HAL_Driver/stm32l4xx_hal_rcc.d" -MT"Drivers/STM32L4xx_HAL_Driver/stm32l4xx_hal_rcc.o" -o "Drivers/STM32L4xx_HAL_Driver/stm32l4xx_hal_rcc.o" "C:/Users/Tom/Documents/KiKadProjects/Freude/Software/Drivers/STM32L4xx_HAL_Driver/Src/stm32l4xx_hal_rcc.c"
Finished building: C:/Users/Tom/Documents/KiKadProjects/Freude/Software/Drivers/STM32L4xx_HAL_Driver/Src/stm32l4xx_hal_rcc.c
 
Building file: C:/Users/Tom/Documents/KiKadProjects/Freude/Software/Drivers/STM32L4xx_HAL_Driver/Src/stm32l4xx_hal_rcc_ex.c
Invoking: MCU GCC Compiler
C:\Users\Tom\Documents\KiKadProjects\Freude\Software\SW4STM32\Software\Debug
arm-none-eabi-gcc -mcpu=cortex-m4 -mthumb -mfloat-abi=hard -mfpu=fpv4-sp-d16 '-D__weak=__attribute__((weak))' '-D__packed=__attribute__((__packed__))' -DUSE_HAL_DRIVER -DSTM32L432xx -I"C:/Users/Tom/Documents/KiKadProjects/Freude/Software/Inc" -I"C:/Users/Tom/Documents/KiKadProjects/Freude/Software/Drivers/STM32L4xx_HAL_Driver/Inc" -I"C:/Users/Tom/Documents/KiKadProjects/Freude/Software/Drivers/STM32L4xx_HAL_Driver/Inc/Legacy" -I"C:/Users/Tom/Documents/KiKadProjects/Freude/Software/Drivers/CMSIS/Device/ST/STM32L4xx/Include" -I"C:/Users/Tom/Documents/KiKadProjects/Freude/Software/Drivers/CMSIS/Include"  -Og -g3 -Wall -fmessage-length=0 -ffunction-sections -c -fmessage-length=0 -MMD -MP -MF"Drivers/STM32L4xx_HAL_Driver/stm32l4xx_hal_rcc_ex.d" -MT"Drivers/STM32L4xx_HAL_Driver/stm32l4xx_hal_rcc_ex.o" -o "Drivers/STM32L4xx_HAL_Driver/stm32l4xx_hal_rcc_ex.o" "C:/Users/Tom/Documents/KiKadProjects/Freude/Software/Drivers/STM32L4xx_HAL_Driver/Src/stm32l4xx_hal_rcc_ex.c"
Finished building: C:/Users/Tom/Documents/KiKadProjects/Freude/Software/Drivers/STM32L4xx_HAL_Driver/Src/stm32l4xx_hal_rcc_ex.c
 
Building file: C:/Users/Tom/Documents/KiKadProjects/Freude/Software/Drivers/STM32L4xx_HAL_Driver/Src/stm32l4xx_hal_tim.c
Invoking: MCU GCC Compiler
C:\Users\Tom\Documents\KiKadProjects\Freude\Software\SW4STM32\Software\Debug
arm-none-eabi-gcc -mcpu=cortex-m4 -mthumb -mfloat-abi=hard -mfpu=fpv4-sp-d16 '-D__weak=__attribute__((weak))' '-D__packed=__attribute__((__packed__))' -DUSE_HAL_DRIVER -DSTM32L432xx -I"C:/Users/Tom/Documents/KiKadProjects/Freude/Software/Inc" -I"C:/Users/Tom/Documents/KiKadProjects/Freude/Software/Drivers/STM32L4xx_HAL_Driver/Inc" -I"C:/Users/Tom/Documents/KiKadProjects/Freude/Software/Drivers/STM32L4xx_HAL_Driver/Inc/Legacy" -I"C:/Users/Tom/Documents/KiKadProjects/Freude/Software/Drivers/CMSIS/Device/ST/STM32L4xx/Include" -I"C:/Users/Tom/Documents/KiKadProjects/Freude/Software/Drivers/CMSIS/Include"  -Og -g3 -Wall -fmessage-length=0 -ffunction-sections -c -fmessage-length=0 -MMD -MP -MF"Drivers/STM32L4xx_HAL_Driver/stm32l4xx_hal_tim.d" -MT"Drivers/STM32L4xx_HAL_Driver/stm32l4xx_hal_tim.o" -o "Drivers/STM32L4xx_HAL_Driver/stm32l4xx_hal_tim.o" "C:/Users/Tom/Documents/KiKadProjects/Freude/Software/Drivers/STM32L4xx_HAL_Driver/Src/stm32l4xx_hal_tim.c"
Finished building: C:/Users/Tom/Documents/KiKadProjects/Freude/Software/Drivers/STM32L4xx_HAL_Driver/Src/stm32l4xx_hal_tim.c
 
Building file: C:/Users/Tom/Documents/KiKadProjects/Freude/Software/Drivers/STM32L4xx_HAL_Driver/Src/stm32l4xx_hal_tim_ex.c
Invoking: MCU GCC Compiler
C:\Users\Tom\Documents\KiKadProjects\Freude\Software\SW4STM32\Software\Debug
arm-none-eabi-gcc -mcpu=cortex-m4 -mthumb -mfloat-abi=hard -mfpu=fpv4-sp-d16 '-D__weak=__attribute__((weak))' '-D__packed=__attribute__((__packed__))' -DUSE_HAL_DRIVER -DSTM32L432xx -I"C:/Users/Tom/Documents/KiKadProjects/Freude/Software/Inc" -I"C:/Users/Tom/Documents/KiKadProjects/Freude/Software/Drivers/STM32L4xx_HAL_Driver/Inc" -I"C:/Users/Tom/Documents/KiKadProjects/Freude/Software/Drivers/STM32L4xx_HAL_Driver/Inc/Legacy" -I"C:/Users/Tom/Documents/KiKadProjects/Freude/Software/Drivers/CMSIS/Device/ST/STM32L4xx/Include" -I"C:/Users/Tom/Documents/KiKadProjects/Freude/Software/Drivers/CMSIS/Include"  -Og -g3 -Wall -fmessage-length=0 -ffunction-sections -c -fmessage-length=0 -MMD -MP -MF"Drivers/STM32L4xx_HAL_Driver/stm32l4xx_hal_tim_ex.d" -MT"Drivers/STM32L4xx_HAL_Driver/stm32l4xx_hal_tim_ex.o" -o "Drivers/STM32L4xx_HAL_Driver/stm32l4xx_hal_tim_ex.o" "C:/Users/Tom/Documents/KiKadProjects/Freude/Software/Drivers/STM32L4xx_HAL_Driver/Src/stm32l4xx_hal_tim_ex.c"
Finished building: C:/Users/Tom/Documents/KiKadProjects/Freude/Software/Drivers/STM32L4xx_HAL_Driver/Src/stm32l4xx_hal_tim_ex.c
 
Building file: C:/Users/Tom/Documents/KiKadProjects/Freude/Software/Drivers/STM32L4xx_HAL_Driver/Src/stm32l4xx_hal_uart.c
Invoking: MCU GCC Compiler
C:\Users\Tom\Documents\KiKadProjects\Freude\Software\SW4STM32\Software\Debug
arm-none-eabi-gcc -mcpu=cortex-m4 -mthumb -mfloat-abi=hard -mfpu=fpv4-sp-d16 '-D__weak=__attribute__((weak))' '-D__packed=__attribute__((__packed__))' -DUSE_HAL_DRIVER -DSTM32L432xx -I"C:/Users/Tom/Documents/KiKadProjects/Freude/Software/Inc" -I"C:/Users/Tom/Documents/KiKadProjects/Freude/Software/Drivers/STM32L4xx_HAL_Driver/Inc" -I"C:/Users/Tom/Documents/KiKadProjects/Freude/Software/Drivers/STM32L4xx_HAL_Driver/Inc/Legacy" -I"C:/Users/Tom/Documents/KiKadProjects/Freude/Software/Drivers/CMSIS/Device/ST/STM32L4xx/Include" -I"C:/Users/Tom/Documents/KiKadProjects/Freude/Software/Drivers/CMSIS/Include"  -Og -g3 -Wall -fmessage-length=0 -ffunction-sections -c -fmessage-length=0 -MMD -MP -MF"Drivers/STM32L4xx_HAL_Driver/stm32l4xx_hal_uart.d" -MT"Drivers/STM32L4xx_HAL_Driver/stm32l4xx_hal_uart.o" -o "Drivers/STM32L4xx_HAL_Driver/stm32l4xx_hal_uart.o" "C:/Users/Tom/Documents/KiKadProjects/Freude/Software/Drivers/STM32L4xx_HAL_Driver/Src/stm32l4xx_hal_uart.c"
Finished building: C:/Users/Tom/Documents/KiKadProjects/Freude/Software/Drivers/STM32L4xx_HAL_Driver/Src/stm32l4xx_hal_uart.c
 
Building file: C:/Users/Tom/Documents/KiKadProjects/Freude/Software/Drivers/STM32L4xx_HAL_Driver/Src/stm32l4xx_hal_uart_ex.c
Invoking: MCU GCC Compiler
C:\Users\Tom\Documents\KiKadProjects\Freude\Software\SW4STM32\Software\Debug
arm-none-eabi-gcc -mcpu=cortex-m4 -mthumb -mfloat-abi=hard -mfpu=fpv4-sp-d16 '-D__weak=__attribute__((weak))' '-D__packed=__attribute__((__packed__))' -DUSE_HAL_DRIVER -DSTM32L432xx -I"C:/Users/Tom/Documents/KiKadProjects/Freude/Software/Inc" -I"C:/Users/Tom/Documents/KiKadProjects/Freude/Software/Drivers/STM32L4xx_HAL_Driver/Inc" -I"C:/Users/Tom/Documents/KiKadProjects/Freude/Software/Drivers/STM32L4xx_HAL_Driver/Inc/Legacy" -I"C:/Users/Tom/Documents/KiKadProjects/Freude/Software/Drivers/CMSIS/Device/ST/STM32L4xx/Include" -I"C:/Users/Tom/Documents/KiKadProjects/Freude/Software/Drivers/CMSIS/Include"  -Og -g3 -Wall -fmessage-length=0 -ffunction-sections -c -fmessage-length=0 -MMD -MP -MF"Drivers/STM32L4xx_HAL_Driver/stm32l4xx_hal_uart_ex.d" -MT"Drivers/STM32L4xx_HAL_Driver/stm32l4xx_hal_uart_ex.o" -o "Drivers/STM32L4xx_HAL_Driver/stm32l4xx_hal_uart_ex.o" "C:/Users/Tom/Documents/KiKadProjects/Freude/Software/Drivers/STM32L4xx_HAL_Driver/Src/stm32l4xx_hal_uart_ex.c"
Finished building: C:/Users/Tom/Documents/KiKadProjects/Freude/Software/Drivers/STM32L4xx_HAL_Driver/Src/stm32l4xx_hal_uart_ex.c
 
Building file: C:/Users/Tom/Documents/KiKadProjects/Freude/Software/Src/system_stm32l4xx.c
Invoking: MCU GCC Compiler
C:\Users\Tom\Documents\KiKadProjects\Freude\Software\SW4STM32\Software\Debug
arm-none-eabi-gcc -mcpu=cortex-m4 -mthumb -mfloat-abi=hard -mfpu=fpv4-sp-d16 '-D__weak=__attribute__((weak))' '-D__packed=__attribute__((__packed__))' -DUSE_HAL_DRIVER -DSTM32L432xx -I"C:/Users/Tom/Documents/KiKadProjects/Freude/Software/Inc" -I"C:/Users/Tom/Documents/KiKadProjects/Freude/Software/Drivers/STM32L4xx_HAL_Driver/Inc" -I"C:/Users/Tom/Documents/KiKadProjects/Freude/Software/Drivers/STM32L4xx_HAL_Driver/Inc/Legacy" -I"C:/Users/Tom/Documents/KiKadProjects/Freude/Software/Drivers/CMSIS/Device/ST/STM32L4xx/Include" -I"C:/Users/Tom/Documents/KiKadProjects/Freude/Software/Drivers/CMSIS/Include"  -Og -g3 -Wall -fmessage-length=0 -ffunction-sections -c -fmessage-length=0 -MMD -MP -MF"Drivers/CMSIS/system_stm32l4xx.d" -MT"Drivers/CMSIS/system_stm32l4xx.o" -o "Drivers/CMSIS/system_stm32l4xx.o" "C:/Users/Tom/Documents/KiKadProjects/Freude/Software/Src/system_stm32l4xx.c"
Finished building: C:/Users/Tom/Documents/KiKadProjects/Freude/Software/Src/system_stm32l4xx.c
 
Building file: ../Application/User/IQS_Series.c
Invoking: MCU GCC Compiler
C:\Users\Tom\Documents\KiKadProjects\Freude\Software\SW4STM32\Software\Debug
arm-none-eabi-gcc -mcpu=cortex-m4 -mthumb -mfloat-abi=hard -mfpu=fpv4-sp-d16 '-D__weak=__attribute__((weak))' '-D__packed=__attribute__((__packed__))' -DUSE_HAL_DRIVER -DSTM32L432xx -I"C:/Users/Tom/Documents/KiKadProjects/Freude/Software/Inc" -I"C:/Users/Tom/Documents/KiKadProjects/Freude/Software/Drivers/STM32L4xx_HAL_Driver/Inc" -I"C:/Users/Tom/Documents/KiKadProjects/Freude/Software/Drivers/STM32L4xx_HAL_Driver/Inc/Legacy" -I"C:/Users/Tom/Documents/KiKadProjects/Freude/Software/Drivers/CMSIS/Device/ST/STM32L4xx/Include" -I"C:/Users/Tom/Documents/KiKadProjects/Freude/Software/Drivers/CMSIS/Include"  -Og -g3 -Wall -fmessage-length=0 -ffunction-sections -c -fmessage-length=0 -MMD -MP -MF"Application/User/IQS_Series.d" -MT"Application/User/IQS_Series.o" -o "Application/User/IQS_Series.o" "../Application/User/IQS_Series.c"
In file included from C:/Users/Tom/Documents/KiKadProjects/Freude/Software/Drivers/STM32L4xx_HAL_Driver/Inc/stm32l4xx_hal_rcc.h:4680:0,
                 from C:/Users/Tom/Documents/KiKadProjects/Freude/Software/Inc/stm32l4xx_hal_conf.h:222,
                 from C:/Users/Tom/Documents/KiKadProjects/Freude/Software/Drivers/STM32L4xx_HAL_Driver/Inc/stm32l4xx_hal.h:46,
                 from C:/Users/Tom/Documents/KiKadProjects/Freude/Software/Drivers/CMSIS/Device/ST/STM32L4xx/Include/stm32l4xx.h:245,
                 from C:/Users/Tom/Documents/KiKadProjects/Freude/Software/Drivers/STM32L4xx_HAL_Driver/Inc/stm32l4xx_hal_def.h:46,
                 from C:/Users/Tom/Documents/KiKadProjects/Freude/Software/Drivers/STM32L4xx_HAL_Driver/Inc/stm32l4xx_hal_i2c.h:45,
                 from ../Application/User/IQS_Series.c:9:
C:/Users/Tom/Documents/KiKadProjects/Freude/Software/Drivers/STM32L4xx_HAL_Driver/Inc/stm32l4xx_hal_rcc_ex.h:2380:1: error: unknown type name 'HAL_StatusTypeDef'; did you mean 'SAI_Block_TypeDef'?
 HAL_StatusTypeDef HAL_RCCEx_PeriphCLKConfig(RCC_PeriphCLKInitTypeDef  *PeriphClkInit);
 ^~~~~~~~~~~~~~~~~
 SAI_Block_TypeDef
C:/Users/Tom/Documents/KiKadProjects/Freude/Software/Drivers/STM32L4xx_HAL_Driver/Inc/stm32l4xx_hal_rcc_ex.h:2393:1: error: unknown type name 'HAL_StatusTypeDef'; did you mean 'SAI_Block_TypeDef'?
 HAL_StatusTypeDef HAL_RCCEx_EnablePLLSAI1(RCC_PLLSAI1InitTypeDef  *PLLSAI1Init);
 ^~~~~~~~~~~~~~~~~
 SAI_Block_TypeDef
C:/Users/Tom/Documents/KiKadProjects/Freude/Software/Drivers/STM32L4xx_HAL_Driver/Inc/stm32l4xx_hal_rcc_ex.h:2394:1: error: unknown type name 'HAL_StatusTypeDef'; did you mean 'SAI_Block_TypeDef'?
 HAL_StatusTypeDef HAL_RCCEx_DisablePLLSAI1(void);
 ^~~~~~~~~~~~~~~~~
 SAI_Block_TypeDef
In file included from C:/Users/Tom/Documents/KiKadProjects/Freude/Software/Inc/stm32l4xx_hal_conf.h:222:0,
                 from C:/Users/Tom/Documents/KiKadProjects/Freude/Software/Drivers/STM32L4xx_HAL_Driver/Inc/stm32l4xx_hal.h:46,
                 from C:/Users/Tom/Documents/KiKadProjects/Freude/Software/Drivers/CMSIS/Device/ST/STM32L4xx/Include/stm32l4xx.h:245,
                 from C:/Users/Tom/Documents/KiKadProjects/Freude/Software/Drivers/STM32L4xx_HAL_Driver/Inc/stm32l4xx_hal_def.h:46,
                 from C:/Users/Tom/Documents/KiKadProjects/Freude/Software/Drivers/STM32L4xx_HAL_Driver/Inc/stm32l4xx_hal_i2c.h:45,
                 from ../Application/User/IQS_Series.c:9:
C:/Users/Tom/Documents/KiKadProjects/Freude/Software/Drivers/STM32L4xx_HAL_Driver/Inc/stm32l4xx_hal_rcc.h:4693:1: error: unknown type name 'HAL_StatusTypeDef'; did you mean 'SAI_Block_TypeDef'?
 HAL_StatusTypeDef HAL_RCC_DeInit(void);
 ^~~~~~~~~~~~~~~~~
 SAI_Block_TypeDef
C:/Users/Tom/Documents/KiKadProjects/Freude/Software/Drivers/STM32L4xx_HAL_Driver/Inc/stm32l4xx_hal_rcc.h:4694:1: error: unknown type name 'HAL_StatusTypeDef'; did you mean 'SAI_Block_TypeDef'?
 HAL_StatusTypeDef HAL_RCC_OscConfig(RCC_OscInitTypeDef *RCC_OscInitStruct);
 ^~~~~~~~~~~~~~~~~
 SAI_Block_TypeDef
C:/Users/Tom/Documents/KiKadProjects/Freude/Software/Drivers/STM32L4xx_HAL_Driver/Inc/stm32l4xx_hal_rcc.h:4695:1: error: unknown type name 'HAL_StatusTypeDef'; did you mean 'SAI_Block_TypeDef'?
 HAL_StatusTypeDef HAL_RCC_ClockConfig(RCC_ClkInitTypeDef *RCC_ClkInitStruct, uint32_t FLatency);
 ^~~~~~~~~~~~~~~~~
 SAI_Block_TypeDef
In file included from C:/Users/Tom/Documents/KiKadProjects/Freude/Software/Inc/stm32l4xx_hal_conf.h:231:0,
                 from C:/Users/Tom/Documents/KiKadProjects/Freude/Software/Drivers/STM32L4xx_HAL_Driver/Inc/stm32l4xx_hal.h:46,
                 from C:/Users/Tom/Documents/KiKadProjects/Freude/Software/Drivers/CMSIS/Device/ST/STM32L4xx/Include/stm32l4xx.h:245,
                 from C:/Users/Tom/Documents/KiKadProjects/Freude/Software/Drivers/STM32L4xx_HAL_Driver/Inc/stm32l4xx_hal_def.h:46,
                 from C:/Users/Tom/Documents/KiKadProjects/Freude/Software/Drivers/STM32L4xx_HAL_Driver/Inc/stm32l4xx_hal_i2c.h:45,
                 from ../Application/User/IQS_Series.c:9:
C:/Users/Tom/Documents/KiKadProjects/Freude/Software/Drivers/STM32L4xx_HAL_Driver/Inc/stm32l4xx_hal_gpio.h:290:1: error: unknown type name 'HAL_StatusTypeDef'; did you mean 'SAI_Block_TypeDef'?
 HAL_StatusTypeDef HAL_GPIO_LockPin(GPIO_TypeDef* GPIOx, uint16_t GPIO_Pin);
 ^~~~~~~~~~~~~~~~~
 SAI_Block_TypeDef
In file included from C:/Users/Tom/Documents/KiKadProjects/Freude/Software/Inc/stm32l4xx_hal_conf.h:235:0,
                 from C:/Users/Tom/Documents/KiKadProjects/Freude/Software/Drivers/STM32L4xx_HAL_Driver/Inc/stm32l4xx_hal.h:46,
                 from C:/Users/Tom/Documents/KiKadProjects/Freude/Software/Drivers/CMSIS/Device/ST/STM32L4xx/Include/stm32l4xx.h:245,
                 from C:/Users/Tom/Documents/KiKadProjects/Freude/Software/Drivers/STM32L4xx_HAL_Driver/Inc/stm32l4xx_hal_def.h:46,
                 from C:/Users/Tom/Documents/KiKadProjects/Freude/Software/Drivers/STM32L4xx_HAL_Driver/Inc/stm32l4xx_hal_i2c.h:45,
                 from ../Application/User/IQS_Series.c:9:
C:/Users/Tom/Documents/KiKadProjects/Freude/Software/Drivers/STM32L4xx_HAL_Driver/Inc/stm32l4xx_hal_dma.h:135:3: error: unknown type name 'HAL_LockTypeDef'
   HAL_LockTypeDef       Lock;                                                        /*!< DMA locking object                   */
   ^~~~~~~~~~~~~~~
C:/Users/Tom/Documents/KiKadProjects/Freude/Software/Drivers/STM32L4xx_HAL_Driver/Inc/stm32l4xx_hal_dma.h:658:1: error: unknown type name 'HAL_StatusTypeDef'; did you mean 'HAL_DMA_StateTypeDef'?
 HAL_StatusTypeDef HAL_DMA_Init(DMA_HandleTypeDef *hdma);
 ^~~~~~~~~~~~~~~~~
 HAL_DMA_StateTypeDef
C:/Users/Tom/Documents/KiKadProjects/Freude/Software/Drivers/STM32L4xx_HAL_Driver/Inc/stm32l4xx_hal_dma.h:659:1: error: unknown type name 'HAL_StatusTypeDef'; did you mean 'HAL_DMA_StateTypeDef'?
 HAL_StatusTypeDef HAL_DMA_DeInit (DMA_HandleTypeDef *hdma);
 ^~~~~~~~~~~~~~~~~
 HAL_DMA_StateTypeDef
C:/Users/Tom/Documents/KiKadProjects/Freude/Software/Drivers/STM32L4xx_HAL_Driver/Inc/stm32l4xx_hal_dma.h:668:1: error: unknown type name 'HAL_StatusTypeDef'; did you mean 'HAL_DMA_StateTypeDef'?
 HAL_StatusTypeDef HAL_DMA_Start (DMA_HandleTypeDef *hdma, uint32_t SrcAddress, uint32_t DstAddress, uint32_t DataLength);
 ^~~~~~~~~~~~~~~~~
 HAL_DMA_StateTypeDef
C:/Users/Tom/Documents/KiKadProjects/Freude/Software/Drivers/STM32L4xx_HAL_Driver/Inc/stm32l4xx_hal_dma.h:669:1: error: unknown type name 'HAL_StatusTypeDef'; did you mean 'HAL_DMA_StateTypeDef'?
 HAL_StatusTypeDef HAL_DMA_Start_IT(DMA_HandleTypeDef *hdma, uint32_t SrcAddress, uint32_t DstAddress, uint32_t DataLength);
 ^~~~~~~~~~~~~~~~~
 HAL_DMA_StateTypeDef
C:/Users/Tom/Documents/KiKadProjects/Freude/Software/Drivers/STM32L4xx_HAL_Driver/Inc/stm32l4xx_hal_dma.h:670:1: error: unknown type name 'HAL_StatusTypeDef'; did you mean 'HAL_DMA_StateTypeDef'?
 HAL_StatusTypeDef HAL_DMA_Abort(DMA_HandleTypeDef *hdma);
 ^~~~~~~~~~~~~~~~~
 HAL_DMA_StateTypeDef
C:/Users/Tom/Documents/KiKadProjects/Freude/Software/Drivers/STM32L4xx_HAL_Driver/Inc/stm32l4xx_hal_dma.h:671:1: error: unknown type name 'HAL_StatusTypeDef'; did you mean 'HAL_DMA_StateTypeDef'?
 HAL_StatusTypeDef HAL_DMA_Abort_IT(DMA_HandleTypeDef *hdma);
 ^~~~~~~~~~~~~~~~~
 HAL_DMA_StateTypeDef
C:/Users/Tom/Documents/KiKadProjects/Freude/Software/Drivers/STM32L4xx_HAL_Driver/Inc/stm32l4xx_hal_dma.h:672:1: error: unknown type name 'HAL_StatusTypeDef'; did you mean 'HAL_DMA_StateTypeDef'?
 HAL_StatusTypeDef HAL_DMA_PollForTransfer(DMA_HandleTypeDef *hdma, HAL_DMA_LevelCompleteTypeDef CompleteLevel, uint32_t Timeout);
 ^~~~~~~~~~~~~~~~~
 HAL_DMA_StateTypeDef
C:/Users/Tom/Documents/KiKadProjects/Freude/Software/Drivers/STM32L4xx_HAL_Driver/Inc/stm32l4xx_hal_dma.h:674:1: error: unknown type name 'HAL_StatusTypeDef'; did you mean 'HAL_DMA_StateTypeDef'?
 HAL_StatusTypeDef HAL_DMA_RegisterCallback(DMA_HandleTypeDef *hdma, HAL_DMA_CallbackIDTypeDef CallbackID, void (* pCallback)( DMA_HandleTypeDef * _hdma));
 ^~~~~~~~~~~~~~~~~
 HAL_DMA_StateTypeDef
C:/Users/Tom/Documents/KiKadProjects/Freude/Software/Drivers/STM32L4xx_HAL_Driver/Inc/stm32l4xx_hal_dma.h:675:1: error: unknown type name 'HAL_StatusTypeDef'; did you mean 'HAL_DMA_StateTypeDef'?
 HAL_StatusTypeDef HAL_DMA_UnRegisterCallback(DMA_HandleTypeDef *hdma, HAL_DMA_CallbackIDTypeDef CallbackID);
 ^~~~~~~~~~~~~~~~~
 HAL_DMA_StateTypeDef
In file included from C:/Users/Tom/Documents/KiKadProjects/Freude/Software/Inc/stm32l4xx_hal_conf.h:268:0,
                 from C:/Users/Tom/Documents/KiKadProjects/Freude/Software/Drivers/STM32L4xx_HAL_Driver/Inc/stm32l4xx_hal.h:46,
                 from C:/Users/Tom/Documents/KiKadProjects/Freude/Software/Drivers/CMSIS/Device/ST/STM32L4xx/Include/stm32l4xx.h:245,
                 from C:/Users/Tom/Documents/KiKadProjects/Freude/Software/Drivers/STM32L4xx_HAL_Driver/Inc/stm32l4xx_hal_def.h:46,
                 from C:/Users/Tom/Documents/KiKadProjects/Freude/Software/Drivers/STM32L4xx_HAL_Driver/Inc/stm32l4xx_hal_i2c.h:45,
                 from ../Application/User/IQS_Series.c:9:
C:/Users/Tom/Documents/KiKadProjects/Freude/Software/Drivers/STM32L4xx_HAL_Driver/Inc/stm32l4xx_hal_dac.h:89:3: error: unknown type name 'HAL_LockTypeDef'
   HAL_LockTypeDef             Lock;          /*!< DAC locking object                */
   ^~~~~~~~~~~~~~~
In file included from C:/Users/Tom/Documents/KiKadProjects/Freude/Software/Drivers/STM32L4xx_HAL_Driver/Inc/stm32l4xx_hal_dac.h:522:0,
                 from C:/Users/Tom/Documents/KiKadProjects/Freude/Software/Inc/stm32l4xx_hal_conf.h:268,
                 from C:/Users/Tom/Documents/KiKadProjects/Freude/Software/Drivers/STM32L4xx_HAL_Driver/Inc/stm32l4xx_hal.h:46,
                 from C:/Users/Tom/Documents/KiKadProjects/Freude/Software/Drivers/CMSIS/Device/ST/STM32L4xx/Include/stm32l4xx.h:245,
                 from C:/Users/Tom/Documents/KiKadProjects/Freude/Software/Drivers/STM32L4xx_HAL_Driver/Inc/stm32l4xx_hal_def.h:46,
                 from C:/Users/Tom/Documents/KiKadProjects/Freude/Software/Drivers/STM32L4xx_HAL_Driver/Inc/stm32l4xx_hal_i2c.h:45,
                 from ../Application/User/IQS_Series.c:9:
C:/Users/Tom/Documents/KiKadProjects/Freude/Software/Drivers/STM32L4xx_HAL_Driver/Inc/stm32l4xx_hal_dac_ex.h:220:1: error: unknown type name 'HAL_StatusTypeDef'; did you mean 'HAL_DAC_StateTypeDef'?
 HAL_StatusTypeDef HAL_DACEx_TriangleWaveGenerate(DAC_HandleTypeDef* hdac, uint32_t Channel, uint32_t Amplitude);
 ^~~~~~~~~~~~~~~~~
 HAL_DAC_StateTypeDef
C:/Users/Tom/Documents/KiKadProjects/Freude/Software/Drivers/STM32L4xx_HAL_Driver/Inc/stm32l4xx_hal_dac_ex.h:221:1: error: unknown type name 'HAL_StatusTypeDef'; did you mean 'HAL_DAC_StateTypeDef'?
 HAL_StatusTypeDef HAL_DACEx_NoiseWaveGenerate(DAC_HandleTypeDef* hdac, uint32_t Channel, uint32_t Amplitude);
 ^~~~~~~~~~~~~~~~~
 HAL_DAC_StateTypeDef
C:/Users/Tom/Documents/KiKadProjects/Freude/Software/Drivers/STM32L4xx_HAL_Driver/Inc/stm32l4xx_hal_dac_ex.h:226:1: error: unknown type name 'HAL_StatusTypeDef'; did you mean 'HAL_DAC_StateTypeDef'?
 HAL_StatusTypeDef HAL_DACEx_DualSetValue(DAC_HandleTypeDef* hdac, uint32_t Alignment, uint32_t Data1, uint32_t Data2);
 ^~~~~~~~~~~~~~~~~
 HAL_DAC_StateTypeDef
C:/Users/Tom/Documents/KiKadProjects/Freude/Software/Drivers/STM32L4xx_HAL_Driver/Inc/stm32l4xx_hal_dac_ex.h:252:1: error: unknown type name 'HAL_StatusTypeDef'; did you mean 'HAL_DAC_StateTypeDef'?
 HAL_StatusTypeDef HAL_DACEx_SelfCalibrate(DAC_HandleTypeDef *hdac, DAC_ChannelConfTypeDef *sConfig, uint32_t Channel);
 ^~~~~~~~~~~~~~~~~
 HAL_DAC_StateTypeDef
C:/Users/Tom/Documents/KiKadProjects/Freude/Software/Drivers/STM32L4xx_HAL_Driver/Inc/stm32l4xx_hal_dac_ex.h:253:1: error: unknown type name 'HAL_StatusTypeDef'; did you mean 'HAL_DAC_StateTypeDef'?
 HAL_StatusTypeDef HAL_DACEx_SetUserTrimming(DAC_HandleTypeDef *hdac, DAC_ChannelConfTypeDef *sConfig, uint32_t Channel, uint32_t NewTrimmingValue);
 ^~~~~~~~~~~~~~~~~
 HAL_DAC_StateTypeDef
In file included from C:/Users/Tom/Documents/KiKadProjects/Freude/Software/Inc/stm32l4xx_hal_conf.h:268:0,
                 from C:/Users/Tom/Documents/KiKadProjects/Freude/Software/Drivers/STM32L4xx_HAL_Driver/Inc/stm32l4xx_hal.h:46,
                 from C:/Users/Tom/Documents/KiKadProjects/Freude/Software/Drivers/CMSIS/Device/ST/STM32L4xx/Include/stm32l4xx.h:245,
                 from C:/Users/Tom/Documents/KiKadProjects/Freude/Software/Drivers/STM32L4xx_HAL_Driver/Inc/stm32l4xx_hal_def.h:46,
                 from C:/Users/Tom/Documents/KiKadProjects/Freude/Software/Drivers/STM32L4xx_HAL_Driver/Inc/stm32l4xx_hal_i2c.h:45,
                 from ../Application/User/IQS_Series.c:9:
C:/Users/Tom/Documents/KiKadProjects/Freude/Software/Drivers/STM32L4xx_HAL_Driver/Inc/stm32l4xx_hal_dac.h:534:1: error: unknown type name 'HAL_StatusTypeDef'; did you mean 'HAL_DAC_StateTypeDef'?
 HAL_StatusTypeDef HAL_DAC_Init(DAC_HandleTypeDef* hdac);
 ^~~~~~~~~~~~~~~~~
 HAL_DAC_StateTypeDef
C:/Users/Tom/Documents/KiKadProjects/Freude/Software/Drivers/STM32L4xx_HAL_Driver/Inc/stm32l4xx_hal_dac.h:535:1: error: unknown type name 'HAL_StatusTypeDef'; did you mean 'HAL_DAC_StateTypeDef'?
 HAL_StatusTypeDef HAL_DAC_DeInit(DAC_HandleTypeDef* hdac);
 ^~~~~~~~~~~~~~~~~
 HAL_DAC_StateTypeDef
C:/Users/Tom/Documents/KiKadProjects/Freude/Software/Drivers/STM32L4xx_HAL_Driver/Inc/stm32l4xx_hal_dac.h:547:1: error: unknown type name 'HAL_StatusTypeDef'; did you mean 'HAL_DAC_StateTypeDef'?
 HAL_StatusTypeDef HAL_DAC_Start(DAC_HandleTypeDef* hdac, uint32_t Channel);
 ^~~~~~~~~~~~~~~~~
 HAL_DAC_StateTypeDef
C:/Users/Tom/Documents/KiKadProjects/Freude/Software/Drivers/STM32L4xx_HAL_Driver/Inc/stm32l4xx_hal_dac.h:548:1: error: unknown type name 'HAL_StatusTypeDef'; did you mean 'HAL_DAC_StateTypeDef'?
 HAL_StatusTypeDef HAL_DAC_Stop(DAC_HandleTypeDef* hdac, uint32_t Channel);
 ^~~~~~~~~~~~~~~~~
 HAL_DAC_StateTypeDef
C:/Users/Tom/Documents/KiKadProjects/Freude/Software/Drivers/STM32L4xx_HAL_Driver/Inc/stm32l4xx_hal_dac.h:549:1: error: unknown type name 'HAL_StatusTypeDef'; did you mean 'HAL_DAC_StateTypeDef'?
 HAL_StatusTypeDef HAL_DAC_Start_DMA(DAC_HandleTypeDef* hdac, uint32_t Channel, uint32_t* pData, uint32_t Length, uint32_t Alignment);
 ^~~~~~~~~~~~~~~~~
 HAL_DAC_StateTypeDef
In file included from C:/Users/Tom/Documents/KiKadProjects/Freude/Software/Inc/stm32l4xx_hal_conf.h:268:0,
                 from C:/Users/Tom/Documents/KiKadProjects/Freude/Software/Drivers/STM32L4xx_HAL_Driver/Inc/stm32l4xx_hal.h:46,
                 from C:/Users/Tom/Documents/KiKadProjects/Freude/Software/Drivers/CMSIS/Device/ST/STM32L4xx/Include/stm32l4xx.h:245,
                 from C:/Users/Tom/Documents/KiKadProjects/Freude/Software/Drivers/STM32L4xx_HAL_Driver/Inc/stm32l4xx_hal_def.h:46,
                 from C:/Users/Tom/Documents/KiKadProjects/Freude/Software/Drivers/STM32L4xx_HAL_Driver/Inc/stm32l4xx_hal_i2c.h:45,
                 from ../Application/User/IQS_Series.c:9:
C:/Users/Tom/Documents/KiKadProjects/Freude/Software/Drivers/STM32L4xx_HAL_Driver/Inc/stm32l4xx_hal_dac.h:550:1: error: unknown type name 'HAL_StatusTypeDef'; did you mean 'HAL_DAC_StateTypeDef'?
 HAL_StatusTypeDef HAL_DAC_Stop_DMA(DAC_HandleTypeDef* hdac, uint32_t Channel);
 ^~~~~~~~~~~~~~~~~
 HAL_DAC_StateTypeDef
C:/Users/Tom/Documents/KiKadProjects/Freude/Software/Drivers/STM32L4xx_HAL_Driver/Inc/stm32l4xx_hal_dac.h:554:1: error: unknown type name 'HAL_StatusTypeDef'; did you mean 'HAL_DAC_StateTypeDef'?
 HAL_StatusTypeDef HAL_DAC_SetValue(DAC_HandleTypeDef* hdac, uint32_t Channel, uint32_t Alignment, uint32_t Data);
 ^~~~~~~~~~~~~~~~~
 HAL_DAC_StateTypeDef
C:/Users/Tom/Documents/KiKadProjects/Freude/Software/Drivers/STM32L4xx_HAL_Driver/Inc/stm32l4xx_hal_dac.h:577:1: error: unknown type name 'HAL_StatusTypeDef'; did you mean 'HAL_DAC_StateTypeDef'?
 HAL_StatusTypeDef HAL_DAC_ConfigChannel(DAC_HandleTypeDef* hdac, DAC_ChannelConfTypeDef* sConfig, uint32_t Channel);
 ^~~~~~~~~~~~~~~~~
 HAL_DAC_StateTypeDef
In file included from C:/Users/Tom/Documents/KiKadProjects/Freude/Software/Inc/stm32l4xx_hal_conf.h:288:0,
                 from C:/Users/Tom/Documents/KiKadProjects/Freude/Software/Drivers/STM32L4xx_HAL_Driver/Inc/stm32l4xx_hal.h:46,
                 from C:/Users/Tom/Documents/KiKadProjects/Freude/Software/Drivers/CMSIS/Device/ST/STM32L4xx/Include/stm32l4xx.h:245,
                 from C:/Users/Tom/Documents/KiKadProjects/Freude/Software/Drivers/STM32L4xx_HAL_Driver/Inc/stm32l4xx_hal_def.h:46,
                 from C:/Users/Tom/Documents/KiKadProjects/Freude/Software/Drivers/STM32L4xx_HAL_Driver/Inc/stm32l4xx_hal_i2c.h:45,
                 from ../Application/User/IQS_Series.c:9:
C:/Users/Tom/Documents/KiKadProjects/Freude/Software/Drivers/STM32L4xx_HAL_Driver/Inc/stm32l4xx_hal_flash.h:142:3: error: unknown type name 'HAL_LockTypeDef'
   HAL_LockTypeDef             Lock;              /* FLASH locking object */
   ^~~~~~~~~~~~~~~
In file included from C:/Users/Tom/Documents/KiKadProjects/Freude/Software/Drivers/STM32L4xx_HAL_Driver/Inc/stm32l4xx_hal_flash.h:778:0,
                 from C:/Users/Tom/Documents/KiKadProjects/Freude/Software/Inc/stm32l4xx_hal_conf.h:288,
                 from C:/Users/Tom/Documents/KiKadProjects/Freude/Software/Drivers/STM32L4xx_HAL_Driver/Inc/stm32l4xx_hal.h:46,
                 from C:/Users/Tom/Documents/KiKadProjects/Freude/Software/Drivers/CMSIS/Device/ST/STM32L4xx/Include/stm32l4xx.h:245,
                 from C:/Users/Tom/Documents/KiKadProjects/Freude/Software/Drivers/STM32L4xx_HAL_Driver/Inc/stm32l4xx_hal_def.h:46,
                 from C:/Users/Tom/Documents/KiKadProjects/Freude/Software/Drivers/STM32L4xx_HAL_Driver/Inc/stm32l4xx_hal_i2c.h:45,
                 from ../Application/User/IQS_Series.c:9:
C:/Users/Tom/Documents/KiKadProjects/Freude/Software/Drivers/STM32L4xx_HAL_Driver/Inc/stm32l4xx_hal_flash_ex.h:87:1: error: unknown type name 'HAL_StatusTypeDef'; did you mean 'HAL_DAC_StateTypeDef'?
 HAL_StatusTypeDef HAL_FLASHEx_Erase(FLASH_EraseInitTypeDef *pEraseInit, uint32_t *PageError);
 ^~~~~~~~~~~~~~~~~
 HAL_DAC_StateTypeDef
C:/Users/Tom/Documents/KiKadProjects/Freude/Software/Drivers/STM32L4xx_HAL_Driver/Inc/stm32l4xx_hal_flash_ex.h:88:1: error: unknown type name 'HAL_StatusTypeDef'; did you mean 'HAL_DAC_StateTypeDef'?
 HAL_StatusTypeDef HAL_FLASHEx_Erase_IT(FLASH_EraseInitTypeDef *pEraseInit);
 ^~~~~~~~~~~~~~~~~
 HAL_DAC_StateTypeDef
C:/Users/Tom/Documents/KiKadProjects/Freude/Software/Drivers/STM32L4xx_HAL_Driver/Inc/stm32l4xx_hal_flash_ex.h:89:1: error: unknown type name 'HAL_StatusTypeDef'; did you mean 'HAL_DAC_StateTypeDef'?
 HAL_StatusTypeDef HAL_FLASHEx_OBProgram(FLASH_OBProgramInitTypeDef *pOBInit);
 ^~~~~~~~~~~~~~~~~
 HAL_DAC_StateTypeDef
In file included from C:/Users/Tom/Documents/KiKadProjects/Freude/Software/Drivers/STM32L4xx_HAL_Driver/Inc/stm32l4xx_hal_flash.h:779:0,
                 from C:/Users/Tom/Documents/KiKadProjects/Freude/Software/Inc/stm32l4xx_hal_conf.h:288,
                 from C:/Users/Tom/Documents/KiKadProjects/Freude/Software/Drivers/STM32L4xx_HAL_Driver/Inc/stm32l4xx_hal.h:46,
                 from C:/Users/Tom/Documents/KiKadProjects/Freude/Software/Drivers/CMSIS/Device/ST/STM32L4xx/Include/stm32l4xx.h:245,
                 from C:/Users/Tom/Documents/KiKadProjects/Freude/Software/Drivers/STM32L4xx_HAL_Driver/Inc/stm32l4xx_hal_def.h:46,
                 from C:/Users/Tom/Documents/KiKadProjects/Freude/Software/Drivers/STM32L4xx_HAL_Driver/Inc/stm32l4xx_hal_i2c.h:45,
                 from ../Application/User/IQS_Series.c:9:
C:/Users/Tom/Documents/KiKadProjects/Freude/Software/Drivers/STM32L4xx_HAL_Driver/Inc/stm32l4xx_hal_flash_ramfunc.h:66:1: error: unknown type name '__RAM_FUNC'; did you mean '__ARM_FP'?
 __RAM_FUNC  HAL_FLASHEx_EnableRunPowerDown(void);
 ^~~~~~~~~~
 __ARM_FP
C:/Users/Tom/Documents/KiKadProjects/Freude/Software/Drivers/STM32L4xx_HAL_Driver/Inc/stm32l4xx_hal_flash_ramfunc.h:67:1: error: unknown type name '__RAM_FUNC'; did you mean '__ARM_FP'?
 __RAM_FUNC  HAL_FLASHEx_DisableRunPowerDown(void);
 ^~~~~~~~~~
 __ARM_FP
In file included from C:/Users/Tom/Documents/KiKadProjects/Freude/Software/Inc/stm32l4xx_hal_conf.h:288:0,
                 from C:/Users/Tom/Documents/KiKadProjects/Freude/Software/Drivers/STM32L4xx_HAL_Driver/Inc/stm32l4xx_hal.h:46,
                 from C:/Users/Tom/Documents/KiKadProjects/Freude/Software/Drivers/CMSIS/Device/ST/STM32L4xx/Include/stm32l4xx.h:245,
                 from C:/Users/Tom/Documents/KiKadProjects/Freude/Software/Drivers/STM32L4xx_HAL_Driver/Inc/stm32l4xx_hal_def.h:46,
                 from C:/Users/Tom/Documents/KiKadProjects/Freude/Software/Drivers/STM32L4xx_HAL_Driver/Inc/stm32l4xx_hal_i2c.h:45,
                 from ../Application/User/IQS_Series.c:9:
C:/Users/Tom/Documents/KiKadProjects/Freude/Software/Drivers/STM32L4xx_HAL_Driver/Inc/stm32l4xx_hal_flash.h:790:1: error: unknown type name 'HAL_StatusTypeDef'; did you mean 'HAL_DAC_StateTypeDef'?
 HAL_StatusTypeDef  HAL_FLASH_Program(uint32_t TypeProgram, uint32_t Address, uint64_t Data);
 ^~~~~~~~~~~~~~~~~
 HAL_DAC_StateTypeDef
C:/Users/Tom/Documents/KiKadProjects/Freude/Software/Drivers/STM32L4xx_HAL_Driver/Inc/stm32l4xx_hal_flash.h:791:1: error: unknown type name 'HAL_StatusTypeDef'; did you mean 'HAL_DAC_StateTypeDef'?
 HAL_StatusTypeDef  HAL_FLASH_Program_IT(uint32_t TypeProgram, uint32_t Address, uint64_t Data);
 ^~~~~~~~~~~~~~~~~
 HAL_DAC_StateTypeDef
C:/Users/Tom/Documents/KiKadProjects/Freude/Software/Drivers/STM32L4xx_HAL_Driver/Inc/stm32l4xx_hal_flash.h:805:1: error: unknown type name 'HAL_StatusTypeDef'; did you mean 'HAL_DAC_StateTypeDef'?
 HAL_StatusTypeDef  HAL_FLASH_Unlock(void);
 ^~~~~~~~~~~~~~~~~
 HAL_DAC_StateTypeDef
C:/Users/Tom/Documents/KiKadProjects/Freude/Software/Drivers/STM32L4xx_HAL_Driver/Inc/stm32l4xx_hal_flash.h:806:1: error: unknown type name 'HAL_StatusTypeDef'; did you mean 'HAL_DAC_StateTypeDef'?
 HAL_StatusTypeDef  HAL_FLASH_Lock(void);
 ^~~~~~~~~~~~~~~~~
 HAL_DAC_StateTypeDef
C:/Users/Tom/Documents/KiKadProjects/Freude/Software/Drivers/STM32L4xx_HAL_Driver/Inc/stm32l4xx_hal_flash.h:808:1: error: unknown type name 'HAL_StatusTypeDef'; did you mean 'HAL_DAC_StateTypeDef'?
 HAL_StatusTypeDef  HAL_FLASH_OB_Unlock(void);
 ^~~~~~~~~~~~~~~~~
 HAL_DAC_StateTypeDef
C:/Users/Tom/Documents/KiKadProjects/Freude/Software/Drivers/STM32L4xx_HAL_Driver/Inc/stm32l4xx_hal_flash.h:809:1: error: unknown type name 'HAL_StatusTypeDef'; did you mean 'HAL_DAC_StateTypeDef'?
 HAL_StatusTypeDef  HAL_FLASH_OB_Lock(void);
 ^~~~~~~~~~~~~~~~~
 HAL_DAC_StateTypeDef
C:/Users/Tom/Documents/KiKadProjects/Freude/Software/Drivers/STM32L4xx_HAL_Driver/Inc/stm32l4xx_hal_flash.h:810:1: error: unknown type name 'HAL_StatusTypeDef'; did you mean 'HAL_DAC_StateTypeDef'?
 HAL_StatusTypeDef  HAL_FLASH_OB_Launch(void);
 ^~~~~~~~~~~~~~~~~
 HAL_DAC_StateTypeDef
In file included from C:/Users/Tom/Documents/KiKadProjects/Freude/Software/Drivers/STM32L4xx_HAL_Driver/Inc/stm32l4xx_hal_pwr.h:359:0,
                 from C:/Users/Tom/Documents/KiKadProjects/Freude/Software/Inc/stm32l4xx_hal_conf.h:336,
                 from C:/Users/Tom/Documents/KiKadProjects/Freude/Software/Drivers/STM32L4xx_HAL_Driver/Inc/stm32l4xx_hal.h:46,
                 from C:/Users/Tom/Documents/KiKadProjects/Freude/Software/Drivers/CMSIS/Device/ST/STM32L4xx/Include/stm32l4xx.h:245,
                 from C:/Users/Tom/Documents/KiKadProjects/Freude/Software/Drivers/STM32L4xx_HAL_Driver/Inc/stm32l4xx_hal_def.h:46,
                 from C:/Users/Tom/Documents/KiKadProjects/Freude/Software/Drivers/STM32L4xx_HAL_Driver/Inc/stm32l4xx_hal_i2c.h:45,
                 from ../Application/User/IQS_Series.c:9:
C:/Users/Tom/Documents/KiKadProjects/Freude/Software/Drivers/STM32L4xx_HAL_Driver/Inc/stm32l4xx_hal_pwr_ex.h:830:1: error: unknown type name 'HAL_StatusTypeDef'; did you mean 'HAL_DAC_StateTypeDef'?
 HAL_StatusTypeDef HAL_PWREx_ControlVoltageScaling(uint32_t VoltageScaling);
 ^~~~~~~~~~~~~~~~~
 HAL_DAC_StateTypeDef
C:/Users/Tom/Documents/KiKadProjects/Freude/Software/Drivers/STM32L4xx_HAL_Driver/Inc/stm32l4xx_hal_pwr_ex.h:843:1: error: unknown type name 'HAL_StatusTypeDef'; did you mean 'HAL_DAC_StateTypeDef'?
 HAL_StatusTypeDef HAL_PWREx_EnableGPIOPullUp(uint32_t GPIO, uint32_t GPIONumber);
 ^~~~~~~~~~~~~~~~~
 HAL_DAC_StateTypeDef
C:/Users/Tom/Documents/KiKadProjects/Freude/Software/Drivers/STM32L4xx_HAL_Driver/Inc/stm32l4xx_hal_pwr_ex.h:844:1: error: unknown type name 'HAL_StatusTypeDef'; did you mean 'HAL_DAC_StateTypeDef'?
 HAL_StatusTypeDef HAL_PWREx_DisableGPIOPullUp(uint32_t GPIO, uint32_t GPIONumber);
 ^~~~~~~~~~~~~~~~~
 HAL_DAC_StateTypeDef
C:/Users/Tom/Documents/KiKadProjects/Freude/Software/Drivers/STM32L4xx_HAL_Driver/Inc/stm32l4xx_hal_pwr_ex.h:845:1: error: unknown type name 'HAL_StatusTypeDef'; did you mean 'HAL_DAC_StateTypeDef'?
 HAL_StatusTypeDef HAL_PWREx_EnableGPIOPullDown(uint32_t GPIO, uint32_t GPIONumber);
 ^~~~~~~~~~~~~~~~~
 HAL_DAC_StateTypeDef
C:/Users/Tom/Documents/KiKadProjects/Freude/Software/Drivers/STM32L4xx_HAL_Driver/Inc/stm32l4xx_hal_pwr_ex.h:846:1: error: unknown type name 'HAL_StatusTypeDef'; did you mean 'HAL_DAC_StateTypeDef'?
 HAL_StatusTypeDef HAL_PWREx_DisableGPIOPullDown(uint32_t GPIO, uint32_t GPIONumber);
 ^~~~~~~~~~~~~~~~~
 HAL_DAC_StateTypeDef
C:/Users/Tom/Documents/KiKadProjects/Freude/Software/Drivers/STM32L4xx_HAL_Driver/Inc/stm32l4xx_hal_pwr_ex.h:871:1: error: unknown type name 'HAL_StatusTypeDef'; did you mean 'HAL_DAC_StateTypeDef'?
 HAL_StatusTypeDef HAL_PWREx_ConfigPVM(PWR_PVMTypeDef *sConfigPVM);
 ^~~~~~~~~~~~~~~~~
 HAL_DAC_StateTypeDef
C:/Users/Tom/Documents/KiKadProjects/Freude/Software/Drivers/STM32L4xx_HAL_Driver/Inc/stm32l4xx_hal_pwr_ex.h:884:1: error: unknown type name 'HAL_StatusTypeDef'; did you mean 'HAL_DAC_StateTypeDef'?
 HAL_StatusTypeDef HAL_PWREx_DisableLowPowerRunMode(void);
 ^~~~~~~~~~~~~~~~~
 HAL_DAC_StateTypeDef
In file included from C:/Users/Tom/Documents/KiKadProjects/Freude/Software/Inc/stm32l4xx_hal_conf.h:336:0,
                 from C:/Users/Tom/Documents/KiKadProjects/Freude/Software/Drivers/STM32L4xx_HAL_Driver/Inc/stm32l4xx_hal.h:46,
                 from C:/Users/Tom/Documents/KiKadProjects/Freude/Software/Drivers/CMSIS/Device/ST/STM32L4xx/Include/stm32l4xx.h:245,
                 from C:/Users/Tom/Documents/KiKadProjects/Freude/Software/Drivers/STM32L4xx_HAL_Driver/Inc/stm32l4xx_hal_def.h:46,
                 from C:/Users/Tom/Documents/KiKadProjects/Freude/Software/Drivers/STM32L4xx_HAL_Driver/Inc/stm32l4xx_hal_i2c.h:45,
                 from ../Application/User/IQS_Series.c:9:
C:/Users/Tom/Documents/KiKadProjects/Freude/Software/Drivers/STM32L4xx_HAL_Driver/Inc/stm32l4xx_hal_pwr.h:385:1: error: unknown type name 'HAL_StatusTypeDef'; did you mean 'HAL_DAC_StateTypeDef'?
 HAL_StatusTypeDef HAL_PWR_ConfigPVD(PWR_PVDTypeDef *sConfigPVD);
 ^~~~~~~~~~~~~~~~~
 HAL_DAC_StateTypeDef
In file included from C:/Users/Tom/Documents/KiKadProjects/Freude/Software/Inc/stm32l4xx_hal_conf.h:380:0,
                 from C:/Users/Tom/Documents/KiKadProjects/Freude/Software/Drivers/STM32L4xx_HAL_Driver/Inc/stm32l4xx_hal.h:46,
                 from C:/Users/Tom/Documents/KiKadProjects/Freude/Software/Drivers/CMSIS/Device/ST/STM32L4xx/Include/stm32l4xx.h:245,
                 from C:/Users/Tom/Documents/KiKadProjects/Freude/Software/Drivers/STM32L4xx_HAL_Driver/Inc/stm32l4xx_hal_def.h:46,
                 from C:/Users/Tom/Documents/KiKadProjects/Freude/Software/Drivers/STM32L4xx_HAL_Driver/Inc/stm32l4xx_hal_i2c.h:45,
                 from ../Application/User/IQS_Series.c:9:
C:/Users/Tom/Documents/KiKadProjects/Freude/Software/Drivers/STM32L4xx_HAL_Driver/Inc/stm32l4xx_hal_uart.h:271:3: error: unknown type name 'HAL_LockTypeDef'
   HAL_LockTypeDef           Lock;                    /*!< Locking object                     */
   ^~~~~~~~~~~~~~~
In file included from C:/Users/Tom/Documents/KiKadProjects/Freude/Software/Drivers/STM32L4xx_HAL_Driver/Inc/stm32l4xx_hal_uart.h:1561:0,
                 from C:/Users/Tom/Documents/KiKadProjects/Freude/Software/Inc/stm32l4xx_hal_conf.h:380,
                 from C:/Users/Tom/Documents/KiKadProjects/Freude/Software/Drivers/STM32L4xx_HAL_Driver/Inc/stm32l4xx_hal.h:46,
                 from C:/Users/Tom/Documents/KiKadProjects/Freude/Software/Drivers/CMSIS/Device/ST/STM32L4xx/Include/stm32l4xx.h:245,
                 from C:/Users/Tom/Documents/KiKadProjects/Freude/Software/Drivers/STM32L4xx_HAL_Driver/Inc/stm32l4xx_hal_def.h:46,
                 from C:/Users/Tom/Documents/KiKadProjects/Freude/Software/Drivers/STM32L4xx_HAL_Driver/Inc/stm32l4xx_hal_i2c.h:45,
                 from ../Application/User/IQS_Series.c:9:
C:/Users/Tom/Documents/KiKadProjects/Freude/Software/Drivers/STM32L4xx_HAL_Driver/Inc/stm32l4xx_hal_uart_ex.h:159:1: error: unknown type name 'HAL_StatusTypeDef'; did you mean 'HAL_DAC_StateTypeDef'?
 HAL_StatusTypeDef HAL_RS485Ex_Init(UART_HandleTypeDef *huart, uint32_t Polarity, uint32_t AssertionTime, uint32_t DeassertionTime);
 ^~~~~~~~~~~~~~~~~
 HAL_DAC_StateTypeDef
In file included from C:/Users/Tom/Documents/KiKadProjects/Freude/Software/Drivers/STM32L4xx_HAL_Driver/Inc/stm32l4xx_hal_uart.h:1561:0,
                 from C:/Users/Tom/Documents/KiKadProjects/Freude/Software/Inc/stm32l4xx_hal_conf.h:380,
                 from C:/Users/Tom/Documents/KiKadProjects/Freude/Software/Drivers/STM32L4xx_HAL_Driver/Inc/stm32l4xx_hal.h:46,
                 from C:/Users/Tom/Documents/KiKadProjects/Freude/Software/Drivers/CMSIS/Device/ST/STM32L4xx/Include/stm32l4xx.h:245,
                 from C:/Users/Tom/Documents/KiKadProjects/Freude/Software/Drivers/STM32L4xx_HAL_Driver/Inc/stm32l4xx_hal_def.h:46,
                 from C:/Users/Tom/Documents/KiKadProjects/Freude/Software/Drivers/STM32L4xx_HAL_Driver/Inc/stm32l4xx_hal_i2c.h:45,
                 from ../Application/User/IQS_Series.c:9:
C:/Users/Tom/Documents/KiKadProjects/Freude/Software/Drivers/STM32L4xx_HAL_Driver/Inc/stm32l4xx_hal_uart_ex.h:185:1: error: unknown type name 'HAL_StatusTypeDef'; did you mean 'HAL_DAC_StateTypeDef'?
 HAL_StatusTypeDef HAL_UARTEx_StopModeWakeUpSourceConfig(UART_HandleTypeDef *huart, UART_WakeUpTypeDef WakeUpSelection);
 ^~~~~~~~~~~~~~~~~
 HAL_DAC_StateTypeDef
C:/Users/Tom/Documents/KiKadProjects/Freude/Software/Drivers/STM32L4xx_HAL_Driver/Inc/stm32l4xx_hal_uart_ex.h:186:1: error: unknown type name 'HAL_StatusTypeDef'; did you mean 'HAL_DAC_StateTypeDef'?
 HAL_StatusTypeDef HAL_UARTEx_EnableStopMode(UART_HandleTypeDef *huart);
 ^~~~~~~~~~~~~~~~~
 HAL_DAC_StateTypeDef
C:/Users/Tom/Documents/KiKadProjects/Freude/Software/Drivers/STM32L4xx_HAL_Driver/Inc/stm32l4xx_hal_uart_ex.h:187:1: error: unknown type name 'HAL_StatusTypeDef'; did you mean 'HAL_DAC_StateTypeDef'?
 HAL_StatusTypeDef HAL_UARTEx_DisableStopMode(UART_HandleTypeDef *huart);
 ^~~~~~~~~~~~~~~~~
 HAL_DAC_StateTypeDef
C:/Users/Tom/Documents/KiKadProjects/Freude/Software/Drivers/STM32L4xx_HAL_Driver/Inc/stm32l4xx_hal_uart_ex.h:189:1: error: unknown type name 'HAL_StatusTypeDef'; did you mean 'HAL_DAC_StateTypeDef'?
 HAL_StatusTypeDef HAL_UARTEx_EnableClockStopMode(UART_HandleTypeDef *huart);
 ^~~~~~~~~~~~~~~~~
 HAL_DAC_StateTypeDef
C:/Users/Tom/Documents/KiKadProjects/Freude/Software/Drivers/STM32L4xx_HAL_Driver/Inc/stm32l4xx_hal_uart_ex.h:190:1: error: unknown type name 'HAL_StatusTypeDef'; did you mean 'HAL_DAC_StateTypeDef'?
 HAL_StatusTypeDef HAL_UARTEx_DisableClockStopMode(UART_HandleTypeDef *huart);
 ^~~~~~~~~~~~~~~~~
 HAL_DAC_StateTypeDef
C:/Users/Tom/Documents/KiKadProjects/Freude/Software/Drivers/STM32L4xx_HAL_Driver/Inc/stm32l4xx_hal_uart_ex.h:192:1: error: unknown type name 'HAL_StatusTypeDef'; did you mean 'HAL_DAC_StateTypeDef'?
 HAL_StatusTypeDef HAL_MultiProcessorEx_AddressLength_Set(UART_HandleTypeDef *huart, uint32_t AddressLength);
 ^~~~~~~~~~~~~~~~~
 HAL_DAC_StateTypeDef
In file included from C:/Users/Tom/Documents/KiKadProjects/Freude/Software/Inc/stm32l4xx_hal_conf.h:380:0,
                 from C:/Users/Tom/Documents/KiKadProjects/Freude/Software/Drivers/STM32L4xx_HAL_Driver/Inc/stm32l4xx_hal.h:46,
                 from C:/Users/Tom/Documents/KiKadProjects/Freude/Software/Drivers/CMSIS/Device/ST/STM32L4xx/Include/stm32l4xx.h:245,
                 from C:/Users/Tom/Documents/KiKadProjects/Freude/Software/Drivers/STM32L4xx_HAL_Driver/Inc/stm32l4xx_hal_def.h:46,
                 from C:/Users/Tom/Documents/KiKadProjects/Freude/Software/Drivers/STM32L4xx_HAL_Driver/Inc/stm32l4xx_hal_i2c.h:45,
                 from ../Application/User/IQS_Series.c:9:
C:/Users/Tom/Documents/KiKadProjects/Freude/Software/Drivers/STM32L4xx_HAL_Driver/Inc/stm32l4xx_hal_uart.h:1574:1: error: unknown type name 'HAL_StatusTypeDef'; did you mean 'HAL_DAC_StateTypeDef'?
 HAL_StatusTypeDef HAL_UART_Init(UART_HandleTypeDef *huart);
 ^~~~~~~~~~~~~~~~~
 HAL_DAC_StateTypeDef
C:/Users/Tom/Documents/KiKadProjects/Freude/Software/Drivers/STM32L4xx_HAL_Driver/Inc/stm32l4xx_hal_uart.h:1575:1: error: unknown type name 'HAL_StatusTypeDef'; did you mean 'HAL_DAC_StateTypeDef'?
 HAL_StatusTypeDef HAL_HalfDuplex_Init(UART_HandleTypeDef *huart);
 ^~~~~~~~~~~~~~~~~
 HAL_DAC_StateTypeDef
C:/Users/Tom/Documents/KiKadProjects/Freude/Software/Drivers/STM32L4xx_HAL_Driver/Inc/stm32l4xx_hal_uart.h:1576:1: error: unknown type name 'HAL_StatusTypeDef'; did you mean 'HAL_DAC_StateTypeDef'?
 HAL_StatusTypeDef HAL_LIN_Init(UART_HandleTypeDef *huart, uint32_t BreakDetectLength);
 ^~~~~~~~~~~~~~~~~
 HAL_DAC_StateTypeDef
C:/Users/Tom/Documents/KiKadProjects/Freude/Software/Drivers/STM32L4xx_HAL_Driver/Inc/stm32l4xx_hal_uart.h:1577:1: error: unknown type name 'HAL_StatusTypeDef'; did you mean 'HAL_DAC_StateTypeDef'?
 HAL_StatusTypeDef HAL_MultiProcessor_Init(UART_HandleTypeDef *huart, uint8_t Address, uint32_t WakeUpMethod);
 ^~~~~~~~~~~~~~~~~
 HAL_DAC_StateTypeDef
C:/Users/Tom/Documents/KiKadProjects/Freude/Software/Drivers/STM32L4xx_HAL_Driver/Inc/stm32l4xx_hal_uart.h:1578:1: error: unknown type name 'HAL_StatusTypeDef'; did you mean 'HAL_DAC_StateTypeDef'?
 HAL_StatusTypeDef HAL_UART_DeInit(UART_HandleTypeDef *huart);
 ^~~~~~~~~~~~~~~~~
 HAL_DAC_StateTypeDef
In file included from C:/Users/Tom/Documents/KiKadProjects/Freude/Software/Inc/stm32l4xx_hal_conf.h:380:0,
                 from C:/Users/Tom/Documents/KiKadProjects/Freude/Software/Drivers/STM32L4xx_HAL_Driver/Inc/stm32l4xx_hal.h:46,
                 from C:/Users/Tom/Documents/KiKadProjects/Freude/Software/Drivers/CMSIS/Device/ST/STM32L4xx/Include/stm32l4xx.h:245,
                 from C:/Users/Tom/Documents/KiKadProjects/Freude/Software/Drivers/STM32L4xx_HAL_Driver/Inc/stm32l4xx_hal_def.h:46,
                 from C:/Users/Tom/Documents/KiKadProjects/Freude/Software/Drivers/STM32L4xx_HAL_Driver/Inc/stm32l4xx_hal_i2c.h:45,
                 from ../Application/User/IQS_Series.c:9:
C:/Users/Tom/Documents/KiKadProjects/Freude/Software/Drivers/STM32L4xx_HAL_Driver/Inc/stm32l4xx_hal_uart.h:1597:1: error: unknown type name 'HAL_StatusTypeDef'; did you mean 'HAL_DAC_StateTypeDef'?
 HAL_StatusTypeDef HAL_UART_Transmit(UART_HandleTypeDef *huart, uint8_t *pData, uint16_t Size, uint32_t Timeout);
 ^~~~~~~~~~~~~~~~~
 HAL_DAC_StateTypeDef
C:/Users/Tom/Documents/KiKadProjects/Freude/Software/Drivers/STM32L4xx_HAL_Driver/Inc/stm32l4xx_hal_uart.h:1598:1: error: unknown type name 'HAL_StatusTypeDef'; did you mean 'HAL_DAC_StateTypeDef'?
 HAL_StatusTypeDef HAL_UART_Receive(UART_HandleTypeDef *huart, uint8_t *pData, uint16_t Size, uint32_t Timeout);
 ^~~~~~~~~~~~~~~~~
 HAL_DAC_StateTypeDef
C:/Users/Tom/Documents/KiKadProjects/Freude/Software/Drivers/STM32L4xx_HAL_Driver/Inc/stm32l4xx_hal_uart.h:1599:1: error: unknown type name 'HAL_StatusTypeDef'; did you mean 'HAL_DAC_StateTypeDef'?
 HAL_StatusTypeDef HAL_UART_Transmit_IT(UART_HandleTypeDef *huart, uint8_t *pData, uint16_t Size);
 ^~~~~~~~~~~~~~~~~
 HAL_DAC_StateTypeDef
C:/Users/Tom/Documents/KiKadProjects/Freude/Software/Drivers/STM32L4xx_HAL_Driver/Inc/stm32l4xx_hal_uart.h:1600:1: error: unknown type name 'HAL_StatusTypeDef'; did you mean 'HAL_DAC_StateTypeDef'?
 HAL_StatusTypeDef HAL_UART_Receive_IT(UART_HandleTypeDef *huart, uint8_t *pData, uint16_t Size);
 ^~~~~~~~~~~~~~~~~
 HAL_DAC_StateTypeDef
C:/Users/Tom/Documents/KiKadProjects/Freude/Software/Drivers/STM32L4xx_HAL_Driver/Inc/stm32l4xx_hal_uart.h:1601:1: error: unknown type name 'HAL_StatusTypeDef'; did you mean 'HAL_DAC_StateTypeDef'?
 HAL_StatusTypeDef HAL_UART_Transmit_DMA(UART_HandleTypeDef *huart, uint8_t *pData, uint16_t Size);
 ^~~~~~~~~~~~~~~~~
 HAL_DAC_StateTypeDef
C:/Users/Tom/Documents/KiKadProjects/Freude/Software/Drivers/STM32L4xx_HAL_Driver/Inc/stm32l4xx_hal_uart.h:1602:1: error: unknown type name 'HAL_StatusTypeDef'; did you mean 'HAL_DAC_StateTypeDef'?
 HAL_StatusTypeDef HAL_UART_Receive_DMA(UART_HandleTypeDef *huart, uint8_t *pData, uint16_t Size);
 ^~~~~~~~~~~~~~~~~
 HAL_DAC_StateTypeDef
C:/Users/Tom/Documents/KiKadProjects/Freude/Software/Drivers/STM32L4xx_HAL_Driver/Inc/stm32l4xx_hal_uart.h:1603:1: error: unknown type name 'HAL_StatusTypeDef'; did you mean 'HAL_DAC_StateTypeDef'?
 HAL_StatusTypeDef HAL_UART_DMAPause(UART_HandleTypeDef *huart);
 ^~~~~~~~~~~~~~~~~
 HAL_DAC_StateTypeDef
C:/Users/Tom/Documents/KiKadProjects/Freude/Software/Drivers/STM32L4xx_HAL_Driver/Inc/stm32l4xx_hal_uart.h:1604:1: error: unknown type name 'HAL_StatusTypeDef'; did you mean 'HAL_DAC_StateTypeDef'?
 HAL_StatusTypeDef HAL_UART_DMAResume(UART_HandleTypeDef *huart);
 ^~~~~~~~~~~~~~~~~
 HAL_DAC_StateTypeDef
C:/Users/Tom/Documents/KiKadProjects/Freude/Software/Drivers/STM32L4xx_HAL_Driver/Inc/stm32l4xx_hal_uart.h:1605:1: error: unknown type name 'HAL_StatusTypeDef'; did you mean 'HAL_DAC_StateTypeDef'?
 HAL_StatusTypeDef HAL_UART_DMAStop(UART_HandleTypeDef *huart);
 ^~~~~~~~~~~~~~~~~
 HAL_DAC_StateTypeDef
C:/Users/Tom/Documents/KiKadProjects/Freude/Software/Drivers/STM32L4xx_HAL_Driver/Inc/stm32l4xx_hal_uart.h:1607:1: error: unknown type name 'HAL_StatusTypeDef'; did you mean 'HAL_DAC_StateTypeDef'?
 HAL_StatusTypeDef HAL_UART_Abort(UART_HandleTypeDef *huart);
 ^~~~~~~~~~~~~~~~~
 HAL_DAC_StateTypeDef
C:/Users/Tom/Documents/KiKadProjects/Freude/Software/Drivers/STM32L4xx_HAL_Driver/Inc/stm32l4xx_hal_uart.h:1608:1: error: unknown type name 'HAL_StatusTypeDef'; did you mean 'HAL_DAC_StateTypeDef'?
 HAL_StatusTypeDef HAL_UART_AbortTransmit(UART_HandleTypeDef *huart);
 ^~~~~~~~~~~~~~~~~
 HAL_DAC_StateTypeDef
C:/Users/Tom/Documents/KiKadProjects/Freude/Software/Drivers/STM32L4xx_HAL_Driver/Inc/stm32l4xx_hal_uart.h:1609:1: error: unknown type name 'HAL_StatusTypeDef'; did you mean 'HAL_DAC_StateTypeDef'?
 HAL_StatusTypeDef HAL_UART_AbortReceive(UART_HandleTypeDef *huart);
 ^~~~~~~~~~~~~~~~~
 HAL_DAC_StateTypeDef
C:/Users/Tom/Documents/KiKadProjects/Freude/Software/Drivers/STM32L4xx_HAL_Driver/Inc/stm32l4xx_hal_uart.h:1610:1: error: unknown type name 'HAL_StatusTypeDef'; did you mean 'HAL_DAC_StateTypeDef'?
 HAL_StatusTypeDef HAL_UART_Abort_IT(UART_HandleTypeDef *huart);
 ^~~~~~~~~~~~~~~~~
 HAL_DAC_StateTypeDef
C:/Users/Tom/Documents/KiKadProjects/Freude/Software/Drivers/STM32L4xx_HAL_Driver/Inc/stm32l4xx_hal_uart.h:1611:1: error: unknown type name 'HAL_StatusTypeDef'; did you mean 'HAL_DAC_StateTypeDef'?
 HAL_StatusTypeDef HAL_UART_AbortTransmit_IT(UART_HandleTypeDef *huart);
 ^~~~~~~~~~~~~~~~~
 HAL_DAC_StateTypeDef
C:/Users/Tom/Documents/KiKadProjects/Freude/Software/Drivers/STM32L4xx_HAL_Driver/Inc/stm32l4xx_hal_uart.h:1612:1: error: unknown type name 'HAL_StatusTypeDef'; did you mean 'HAL_DAC_StateTypeDef'?
 HAL_StatusTypeDef HAL_UART_AbortReceive_IT(UART_HandleTypeDef *huart);
 ^~~~~~~~~~~~~~~~~
 HAL_DAC_StateTypeDef
C:/Users/Tom/Documents/KiKadProjects/Freude/Software/Drivers/STM32L4xx_HAL_Driver/Inc/stm32l4xx_hal_uart.h:1633:1: error: unknown type name 'HAL_StatusTypeDef'; did you mean 'HAL_DAC_StateTypeDef'?
 HAL_StatusTypeDef HAL_LIN_SendBreak(UART_HandleTypeDef *huart);
 ^~~~~~~~~~~~~~~~~
 HAL_DAC_StateTypeDef
C:/Users/Tom/Documents/KiKadProjects/Freude/Software/Drivers/STM32L4xx_HAL_Driver/Inc/stm32l4xx_hal_uart.h:1634:1: error: unknown type name 'HAL_StatusTypeDef'; did you mean 'HAL_DAC_StateTypeDef'?
 HAL_StatusTypeDef HAL_MultiProcessor_EnableMuteMode(UART_HandleTypeDef *huart);
 ^~~~~~~~~~~~~~~~~
 HAL_DAC_StateTypeDef
C:/Users/Tom/Documents/KiKadProjects/Freude/Software/Drivers/STM32L4xx_HAL_Driver/Inc/stm32l4xx_hal_uart.h:1635:1: error: unknown type name 'HAL_StatusTypeDef'; did you mean 'HAL_DAC_StateTypeDef'?
 HAL_StatusTypeDef HAL_MultiProcessor_DisableMuteMode(UART_HandleTypeDef *huart);
 ^~~~~~~~~~~~~~~~~
 HAL_DAC_StateTypeDef
C:/Users/Tom/Documents/KiKadProjects/Freude/Software/Drivers/STM32L4xx_HAL_Driver/Inc/stm32l4xx_hal_uart.h:1637:1: error: unknown type name 'HAL_StatusTypeDef'; did you mean 'HAL_DAC_StateTypeDef'?
 HAL_StatusTypeDef HAL_HalfDuplex_EnableTransmitter(UART_HandleTypeDef *huart);
 ^~~~~~~~~~~~~~~~~
 HAL_DAC_StateTypeDef
C:/Users/Tom/Documents/KiKadProjects/Freude/Software/Drivers/STM32L4xx_HAL_Driver/Inc/stm32l4xx_hal_uart.h:1638:1: error: unknown type name 'HAL_StatusTypeDef'; did you mean 'HAL_DAC_StateTypeDef'?
 HAL_StatusTypeDef HAL_HalfDuplex_EnableReceiver(UART_HandleTypeDef *huart);
 ^~~~~~~~~~~~~~~~~
 HAL_DAC_StateTypeDef
C:/Users/Tom/Documents/KiKadProjects/Freude/Software/Drivers/STM32L4xx_HAL_Driver/Inc/stm32l4xx_hal_uart.h:1664:1: error: unknown type name 'HAL_StatusTypeDef'; did you mean 'HAL_DAC_StateTypeDef'?
 HAL_StatusTypeDef UART_SetConfig(UART_HandleTypeDef *huart);
 ^~~~~~~~~~~~~~~~~
 HAL_DAC_StateTypeDef
C:/Users/Tom/Documents/KiKadProjects/Freude/Software/Drivers/STM32L4xx_HAL_Driver/Inc/stm32l4xx_hal_uart.h:1665:1: error: unknown type name 'HAL_StatusTypeDef'; did you mean 'HAL_DAC_StateTypeDef'?
 HAL_StatusTypeDef UART_CheckIdleState(UART_HandleTypeDef *huart);
 ^~~~~~~~~~~~~~~~~
 HAL_DAC_StateTypeDef
C:/Users/Tom/Documents/KiKadProjects/Freude/Software/Drivers/STM32L4xx_HAL_Driver/Inc/stm32l4xx_hal_uart.h:1666:1: error: unknown type name 'HAL_StatusTypeDef'; did you mean 'HAL_DAC_StateTypeDef'?
 HAL_StatusTypeDef UART_WaitOnFlagUntilTimeout(UART_HandleTypeDef *huart, uint32_t Flag, FlagStatus Status, uint32_t Tickstart, uint32_t Timeout);
 ^~~~~~~~~~~~~~~~~
 HAL_DAC_StateTypeDef
In file included from C:/Users/Tom/Documents/KiKadProjects/Freude/Software/Drivers/CMSIS/Device/ST/STM32L4xx/Include/stm32l4xx.h:245:0,
                 from C:/Users/Tom/Documents/KiKadProjects/Freude/Software/Drivers/STM32L4xx_HAL_Driver/Inc/stm32l4xx_hal_def.h:46,
                 from C:/Users/Tom/Documents/KiKadProjects/Freude/Software/Drivers/STM32L4xx_HAL_Driver/Inc/stm32l4xx_hal_i2c.h:45,
                 from ../Application/User/IQS_Series.c:9:
C:/Users/Tom/Documents/KiKadProjects/Freude/Software/Drivers/STM32L4xx_HAL_Driver/Inc/stm32l4xx_hal.h:590:1: error: unknown type name 'HAL_StatusTypeDef'; did you mean 'HAL_DAC_StateTypeDef'?
 HAL_StatusTypeDef HAL_Init(void);
 ^~~~~~~~~~~~~~~~~
 HAL_DAC_StateTypeDef
C:/Users/Tom/Documents/KiKadProjects/Freude/Software/Drivers/STM32L4xx_HAL_Driver/Inc/stm32l4xx_hal.h:591:1: error: unknown type name 'HAL_StatusTypeDef'; did you mean 'HAL_DAC_StateTypeDef'?
 HAL_StatusTypeDef HAL_DeInit(void);
 ^~~~~~~~~~~~~~~~~
 HAL_DAC_StateTypeDef
C:/Users/Tom/Documents/KiKadProjects/Freude/Software/Drivers/STM32L4xx_HAL_Driver/Inc/stm32l4xx_hal.h:594:1: error: unknown type name 'HAL_StatusTypeDef'; did you mean 'HAL_DAC_StateTypeDef'?
 HAL_StatusTypeDef HAL_InitTick (uint32_t TickPriority);
 ^~~~~~~~~~~~~~~~~
 HAL_DAC_StateTypeDef
../Application/User/IQS_Series.c: In function 'IQS_ResoReadXY':
../Application/User/IQS_Series.c:31:55: warning: passing argument 5 of 'HAL_I2C_Mem_Read' makes pointer from integer without a cast [-Wint-conversion]
  HAL_I2C_Mem_Read(handle, IQS_I2C_Address, x_addr, 1, buffer[0], 1, 1000 );
                                                       ^~~~~~
In file included from ../Application/User/IQS_Series.c:9:0:
C:/Users/Tom/Documents/KiKadProjects/Freude/Software/Drivers/STM32L4xx_HAL_Driver/Inc/stm32l4xx_hal_i2c.h:622:19: note: expected 'uint8_t * {aka unsigned char *}' but argument is of type 'uint16_t {aka short unsigned int}'
 HAL_StatusTypeDef HAL_I2C_Mem_Read(I2C_HandleTypeDef *hi2c, uint16_t DevAddress, uint16_t MemAddress, uint16_t MemAddSize, uint8_t *pData, uint16_t Size, uint32_t Timeout);
                   ^~~~~~~~~~~~~~~~
../Application/User/IQS_Series.c:32:55: warning: passing argument 5 of 'HAL_I2C_Mem_Read' makes pointer from integer without a cast [-Wint-conversion]
  HAL_I2C_Mem_Read(handle, IQS_I2C_Address, y_addr, 1, buffer[1], 1, 1000 );
                                                       ^~~~~~
In file included from ../Application/User/IQS_Series.c:9:0:
C:/Users/Tom/Documents/KiKadProjects/Freude/Software/Drivers/STM32L4xx_HAL_Driver/Inc/stm32l4xx_hal_i2c.h:622:19: note: expected 'uint8_t * {aka unsigned char *}' but argument is of type 'uint16_t {aka short unsigned int}'
 HAL_StatusTypeDef HAL_I2C_Mem_Read(I2C_HandleTypeDef *hi2c, uint16_t DevAddress, uint16_t MemAddress, uint16_t MemAddSize, uint8_t *pData, uint16_t Size, uint32_t Timeout);
                   ^~~~~~~~~~~~~~~~
../Application/User/IQS_Series.c: In function 'IQS_ReadPosABS':
../Application/User/IQS_Series.c:46:55: warning: passing argument 5 of 'HAL_I2C_Mem_Read' makes pointer from integer without a cast [-Wint-conversion]
  HAL_I2C_Mem_Read(handle, IQS_I2C_Address, x_addr, 2, buffer[0], 2, 1000 );
                                                       ^~~~~~
In file included from ../Application/User/IQS_Series.c:9:0:
C:/Users/Tom/Documents/KiKadProjects/Freude/Software/Drivers/STM32L4xx_HAL_Driver/Inc/stm32l4xx_hal_i2c.h:622:19: note: expected 'uint8_t * {aka unsigned char *}' but argument is of type 'uint16_t {aka short unsigned int}'
 HAL_StatusTypeDef HAL_I2C_Mem_Read(I2C_HandleTypeDef *hi2c, uint16_t DevAddress, uint16_t MemAddress, uint16_t MemAddSize, uint8_t *pData, uint16_t Size, uint32_t Timeout);
                   ^~~~~~~~~~~~~~~~
../Application/User/IQS_Series.c:47:55: warning: passing argument 5 of 'HAL_I2C_Mem_Read' makes pointer from integer without a cast [-Wint-conversion]
  HAL_I2C_Mem_Read(handle, IQS_I2C_Address, y_addr, 2, buffer[2], 2, 1000 );
                                                       ^~~~~~
In file included from ../Application/User/IQS_Series.c:9:0:
C:/Users/Tom/Documents/KiKadProjects/Freude/Software/Drivers/STM32L4xx_HAL_Driver/Inc/stm32l4xx_hal_i2c.h:622:19: note: expected 'uint8_t * {aka unsigned char *}' but argument is of type 'uint16_t {aka short unsigned int}'
 HAL_StatusTypeDef HAL_I2C_Mem_Read(I2C_HandleTypeDef *hi2c, uint16_t DevAddress, uint16_t MemAddress, uint16_t MemAddSize, uint8_t *pData, uint16_t Size, uint32_t Timeout);
                   ^~~~~~~~~~~~~~~~
Application/User/subdir.mk:27: recipe for target 'Application/User/IQS_Series.o' failed
make: *** [Application/User/IQS_Series.o] Error 1

13:08:15 Build Finished (took 15s.948ms)

